<?xml version="1.0" encoding="UTF-8"?>
<testsuite name="com.example.portfolioappprog5resit.serviceTests.StockServiceIT" tests="5" skipped="0" failures="0" errors="0" timestamp="2025-08-23T18:52:45.551Z" hostname="2a02-1810-2f1b-b200-9a85-6b41-7117-e6b6.ip6.access.telenet.be" time="0.212">
  <properties/>
  <testcase name="deleteByIdAuthorized_owner_canDelete_andLinksAreCleared()" classname="com.example.portfolioappprog5resit.serviceTests.StockServiceIT" time="0.071"/>
  <testcase name="deleteByIdAuthorized_nonOwner_nonAdmin_shouldFail()" classname="com.example.portfolioappprog5resit.serviceTests.StockServiceIT" time="0.037"/>
  <testcase name="addStock_attachesCreator_andPersists()" classname="com.example.portfolioappprog5resit.serviceTests.StockServiceIT" time="0.038"/>
  <testcase name="addStock_unknownUser_shouldThrowDomainException()" classname="com.example.portfolioappprog5resit.serviceTests.StockServiceIT" time="0.026"/>
  <testcase name="deleteByIdAuthorized_admin_canDelete_anyStock()" classname="com.example.portfolioappprog5resit.serviceTests.StockServiceIT" time="0.033"/>
  <system-out><![CDATA[2025-08-23T20:52:43.064+02:00  INFO 60489 --- [portfolioapp-prog5-resit] [    Test worker] t.c.s.AnnotationConfigContextLoaderUtils : Could not detect default configuration classes for test class [com.example.portfolioappprog5resit.serviceTests.StockServiceIT]: StockServiceIT does not declare any static, non-private, non-final, nested classes annotated with @Configuration.
2025-08-23T20:52:43.090+02:00  INFO 60489 --- [portfolioapp-prog5-resit] [    Test worker] .b.t.c.SpringBootTestContextBootstrapper : Found @SpringBootConfiguration com.example.portfolioappprog5resit.PortfolioappProg5ResitApplication for test class com.example.portfolioappprog5resit.serviceTests.StockServiceIT

  .   ____          _            __ _ _
 /\\ / ___'_ __ _ _(_)_ __  __ _ \ \ \ \
( ( )\___ | '_ | '_| | '_ \/ _` | \ \ \ \
 \\/  ___)| |_)| | | | | || (_| |  ) ) ) )
  '  |____| .__|_| |_|_| |_\__, | / / / /
 =========|_|==============|___/=/_/_/_/

 :: Spring Boot ::                (v3.5.4)

2025-08-23T20:52:43.155+02:00  INFO 60489 --- [portfolioapp-prog5-resit] [    Test worker] c.e.p.serviceTests.StockServiceIT        : Starting StockServiceIT using Java 17.0.16 with PID 60489 (started by shardee_ in /home/shardee_/KDG/portfolio-app-web)
2025-08-23T20:52:43.156+02:00 DEBUG 60489 --- [portfolioapp-prog5-resit] [    Test worker] c.e.p.serviceTests.StockServiceIT        : Running with Spring Boot v3.5.4, Spring v6.2.9
2025-08-23T20:52:43.156+02:00  INFO 60489 --- [portfolioapp-prog5-resit] [    Test worker] c.e.p.serviceTests.StockServiceIT        : The following 1 profile is active: "test"
2025-08-23T20:52:43.694+02:00  INFO 60489 --- [portfolioapp-prog5-resit] [    Test worker] .s.d.r.c.RepositoryConfigurationDelegate : Bootstrapping Spring Data JPA repositories in DEFAULT mode.
2025-08-23T20:52:43.721+02:00  INFO 60489 --- [portfolioapp-prog5-resit] [    Test worker] .s.d.r.c.RepositoryConfigurationDelegate : Finished Spring Data repository scanning in 23 ms. Found 4 JPA repository interfaces.
2025-08-23T20:52:44.022+02:00 DEBUG 60489 --- [portfolioapp-prog5-resit] [    Test worker] j.LocalContainerEntityManagerFactoryBean : Building JPA container EntityManagerFactory for persistence unit 'default'
2025-08-23T20:52:44.023+02:00 DEBUG 60489 --- [portfolioapp-prog5-resit] [    Test worker] o.hibernate.jpa.internal.util.LogHelper  : PersistenceUnitInfo [
	name: default
	persistence provider classname: null
	classloader: jdk.internal.loader.ClassLoaders$AppClassLoader@30946e09
	excludeUnlistedClasses: true
	JTA datasource: null
	Non JTA datasource: HikariDataSource (null)
	Transaction type: RESOURCE_LOCAL
	PU root URL: file:/home/shardee_/KDG/portfolio-app-web/build/classes/java/test/
	Shared Cache Mode: UNSPECIFIED
	Validation Mode: AUTO
	Jar files URLs []
	Managed classes names [
		com.example.portfolioappprog5resit.domain.AppUser
		com.example.portfolioappprog5resit.domain.BrokerageAccount
		com.example.portfolioappprog5resit.domain.Investor
		com.example.portfolioappprog5resit.domain.Stock]
	Mapping files names []
	Properties []
2025-08-23T20:52:44.023+02:00 DEBUG 60489 --- [portfolioapp-prog5-resit] [    Test worker] o.h.i.internal.IntegratorServiceImpl     : Adding Integrator [org.hibernate.boot.beanvalidation.BeanValidationIntegrator].
2025-08-23T20:52:44.024+02:00 DEBUG 60489 --- [portfolioapp-prog5-resit] [    Test worker] o.h.i.internal.IntegratorServiceImpl     : Adding Integrator [org.hibernate.cache.internal.CollectionCacheInvalidator].
2025-08-23T20:52:44.029+02:00 DEBUG 60489 --- [portfolioapp-prog5-resit] [    Test worker] org.hibernate.orm.idgen.factory          : Registering IdentifierGenerator strategy [uuid2] -> [org.hibernate.id.UUIDGenerator]
2025-08-23T20:52:44.030+02:00 DEBUG 60489 --- [portfolioapp-prog5-resit] [    Test worker] org.hibernate.orm.idgen.factory          : Registering IdentifierGenerator strategy [guid] -> [org.hibernate.id.GUIDGenerator]
2025-08-23T20:52:44.030+02:00 DEBUG 60489 --- [portfolioapp-prog5-resit] [    Test worker] org.hibernate.orm.idgen.factory          : Registering IdentifierGenerator strategy [uuid] -> [org.hibernate.id.UUIDHexGenerator]
2025-08-23T20:52:44.030+02:00 DEBUG 60489 --- [portfolioapp-prog5-resit] [    Test worker] org.hibernate.orm.idgen.factory          : Registering IdentifierGenerator strategy [uuid.hex] -> [org.hibernate.id.UUIDHexGenerator]
2025-08-23T20:52:44.031+02:00 DEBUG 60489 --- [portfolioapp-prog5-resit] [    Test worker] org.hibernate.orm.idgen.factory          : Registering IdentifierGenerator strategy [assigned] -> [org.hibernate.id.Assigned]
2025-08-23T20:52:44.031+02:00 DEBUG 60489 --- [portfolioapp-prog5-resit] [    Test worker] org.hibernate.orm.idgen.factory          : Registering IdentifierGenerator strategy [identity] -> [org.hibernate.id.IdentityGenerator]
2025-08-23T20:52:44.031+02:00 DEBUG 60489 --- [portfolioapp-prog5-resit] [    Test worker] org.hibernate.orm.idgen.factory          : Registering IdentifierGenerator strategy [select] -> [org.hibernate.id.SelectGenerator]
2025-08-23T20:52:44.031+02:00 DEBUG 60489 --- [portfolioapp-prog5-resit] [    Test worker] org.hibernate.orm.idgen.factory          : Registering IdentifierGenerator strategy [sequence] -> [org.hibernate.id.enhanced.SequenceStyleGenerator]
2025-08-23T20:52:44.031+02:00 DEBUG 60489 --- [portfolioapp-prog5-resit] [    Test worker] org.hibernate.orm.idgen.factory          : Registering IdentifierGenerator strategy [increment] -> [org.hibernate.id.IncrementGenerator]
2025-08-23T20:52:44.032+02:00 DEBUG 60489 --- [portfolioapp-prog5-resit] [    Test worker] org.hibernate.orm.idgen.factory          : Registering IdentifierGenerator strategy [foreign] -> [org.hibernate.id.ForeignGenerator]
2025-08-23T20:52:44.032+02:00 DEBUG 60489 --- [portfolioapp-prog5-resit] [    Test worker] org.hibernate.orm.idgen.factory          : Registering IdentifierGenerator strategy [enhanced-sequence] -> [org.hibernate.id.enhanced.SequenceStyleGenerator]
2025-08-23T20:52:44.032+02:00 DEBUG 60489 --- [portfolioapp-prog5-resit] [    Test worker] org.hibernate.orm.idgen.factory          : Registering IdentifierGenerator strategy [enhanced-table] -> [org.hibernate.id.enhanced.TableGenerator]
2025-08-23T20:52:44.033+02:00 DEBUG 60489 --- [portfolioapp-prog5-resit] [    Test worker] o.h.c.internal.RegionFactoryInitiator    : Cannot default RegionFactory based on registered strategies as `[]` RegionFactory strategies were registered
2025-08-23T20:52:44.033+02:00  INFO 60489 --- [portfolioapp-prog5-resit] [    Test worker] o.h.c.internal.RegionFactoryInitiator    : HHH000026: Second-level cache disabled
2025-08-23T20:52:44.034+02:00 DEBUG 60489 --- [portfolioapp-prog5-resit] [    Test worker] org.hibernate.type.BasicTypeRegistry     : Adding type registration boolean -> org.hibernate.type.BasicTypeReference@ba562e0
2025-08-23T20:52:44.034+02:00 DEBUG 60489 --- [portfolioapp-prog5-resit] [    Test worker] org.hibernate.type.BasicTypeRegistry     : Adding type registration boolean -> org.hibernate.type.BasicTypeReference@ba562e0
2025-08-23T20:52:44.034+02:00 DEBUG 60489 --- [portfolioapp-prog5-resit] [    Test worker] org.hibernate.type.BasicTypeRegistry     : Adding type registration java.lang.Boolean -> org.hibernate.type.BasicTypeReference@ba562e0
2025-08-23T20:52:44.035+02:00 DEBUG 60489 --- [portfolioapp-prog5-resit] [    Test worker] org.hibernate.type.BasicTypeRegistry     : Adding type registration numeric_boolean -> org.hibernate.type.BasicTypeReference@5a51336a
2025-08-23T20:52:44.035+02:00 DEBUG 60489 --- [portfolioapp-prog5-resit] [    Test worker] org.hibernate.type.BasicTypeRegistry     : Adding type registration org.hibernate.type.NumericBooleanConverter -> org.hibernate.type.BasicTypeReference@5a51336a
2025-08-23T20:52:44.035+02:00 DEBUG 60489 --- [portfolioapp-prog5-resit] [    Test worker] org.hibernate.type.BasicTypeRegistry     : Adding type registration true_false -> org.hibernate.type.BasicTypeReference@4d8056bf
2025-08-23T20:52:44.035+02:00 DEBUG 60489 --- [portfolioapp-prog5-resit] [    Test worker] org.hibernate.type.BasicTypeRegistry     : Adding type registration org.hibernate.type.TrueFalseConverter -> org.hibernate.type.BasicTypeReference@4d8056bf
2025-08-23T20:52:44.036+02:00 DEBUG 60489 --- [portfolioapp-prog5-resit] [    Test worker] org.hibernate.type.BasicTypeRegistry     : Adding type registration yes_no -> org.hibernate.type.BasicTypeReference@42211e04
2025-08-23T20:52:44.036+02:00 DEBUG 60489 --- [portfolioapp-prog5-resit] [    Test worker] org.hibernate.type.BasicTypeRegistry     : Adding type registration org.hibernate.type.YesNoConverter -> org.hibernate.type.BasicTypeReference@42211e04
2025-08-23T20:52:44.036+02:00 DEBUG 60489 --- [portfolioapp-prog5-resit] [    Test worker] org.hibernate.type.BasicTypeRegistry     : Adding type registration byte -> org.hibernate.type.BasicTypeReference@6233c6c2
2025-08-23T20:52:44.036+02:00 DEBUG 60489 --- [portfolioapp-prog5-resit] [    Test worker] org.hibernate.type.BasicTypeRegistry     : Adding type registration byte -> org.hibernate.type.BasicTypeReference@6233c6c2
2025-08-23T20:52:44.037+02:00 DEBUG 60489 --- [portfolioapp-prog5-resit] [    Test worker] org.hibernate.type.BasicTypeRegistry     : Adding type registration java.lang.Byte -> org.hibernate.type.BasicTypeReference@6233c6c2
2025-08-23T20:52:44.037+02:00 DEBUG 60489 --- [portfolioapp-prog5-resit] [    Test worker] org.hibernate.type.BasicTypeRegistry     : Adding type registration binary -> org.hibernate.type.BasicTypeReference@312a738d
2025-08-23T20:52:44.037+02:00 DEBUG 60489 --- [portfolioapp-prog5-resit] [    Test worker] org.hibernate.type.BasicTypeRegistry     : Adding type registration byte[] -> org.hibernate.type.BasicTypeReference@312a738d
2025-08-23T20:52:44.037+02:00 DEBUG 60489 --- [portfolioapp-prog5-resit] [    Test worker] org.hibernate.type.BasicTypeRegistry     : Adding type registration [B -> org.hibernate.type.BasicTypeReference@312a738d
2025-08-23T20:52:44.037+02:00 DEBUG 60489 --- [portfolioapp-prog5-resit] [    Test worker] org.hibernate.type.BasicTypeRegistry     : Adding type registration binary_wrapper -> org.hibernate.type.BasicTypeReference@7e50eeb9
2025-08-23T20:52:44.037+02:00 DEBUG 60489 --- [portfolioapp-prog5-resit] [    Test worker] org.hibernate.type.BasicTypeRegistry     : Adding type registration wrapper-binary -> org.hibernate.type.BasicTypeReference@7e50eeb9
2025-08-23T20:52:44.038+02:00 DEBUG 60489 --- [portfolioapp-prog5-resit] [    Test worker] org.hibernate.type.BasicTypeRegistry     : Adding type registration image -> org.hibernate.type.BasicTypeReference@34cb0e49
2025-08-23T20:52:44.038+02:00 DEBUG 60489 --- [portfolioapp-prog5-resit] [    Test worker] org.hibernate.type.BasicTypeRegistry     : Adding type registration blob -> org.hibernate.type.BasicTypeReference@48b2dbc4
2025-08-23T20:52:44.038+02:00 DEBUG 60489 --- [portfolioapp-prog5-resit] [    Test worker] org.hibernate.type.BasicTypeRegistry     : Adding type registration java.sql.Blob -> org.hibernate.type.BasicTypeReference@48b2dbc4
2025-08-23T20:52:44.038+02:00 DEBUG 60489 --- [portfolioapp-prog5-resit] [    Test worker] org.hibernate.type.BasicTypeRegistry     : Adding type registration materialized_blob -> org.hibernate.type.BasicTypeReference@2a667f44
2025-08-23T20:52:44.038+02:00 DEBUG 60489 --- [portfolioapp-prog5-resit] [    Test worker] org.hibernate.type.BasicTypeRegistry     : Adding type registration materialized_blob_wrapper -> org.hibernate.type.BasicTypeReference@53ba7997
2025-08-23T20:52:44.038+02:00 DEBUG 60489 --- [portfolioapp-prog5-resit] [    Test worker] org.hibernate.type.BasicTypeRegistry     : Adding type registration short -> org.hibernate.type.BasicTypeReference@3f6f9cef
2025-08-23T20:52:44.039+02:00 DEBUG 60489 --- [portfolioapp-prog5-resit] [    Test worker] org.hibernate.type.BasicTypeRegistry     : Adding type registration short -> org.hibernate.type.BasicTypeReference@3f6f9cef
2025-08-23T20:52:44.039+02:00 DEBUG 60489 --- [portfolioapp-prog5-resit] [    Test worker] org.hibernate.type.BasicTypeRegistry     : Adding type registration java.lang.Short -> org.hibernate.type.BasicTypeReference@3f6f9cef
2025-08-23T20:52:44.039+02:00 DEBUG 60489 --- [portfolioapp-prog5-resit] [    Test worker] org.hibernate.type.BasicTypeRegistry     : Adding type registration integer -> org.hibernate.type.BasicTypeReference@61dd1c3d
2025-08-23T20:52:44.039+02:00 DEBUG 60489 --- [portfolioapp-prog5-resit] [    Test worker] org.hibernate.type.BasicTypeRegistry     : Adding type registration int -> org.hibernate.type.BasicTypeReference@61dd1c3d
2025-08-23T20:52:44.040+02:00 DEBUG 60489 --- [portfolioapp-prog5-resit] [    Test worker] org.hibernate.type.BasicTypeRegistry     : Adding type registration java.lang.Integer -> org.hibernate.type.BasicTypeReference@61dd1c3d
2025-08-23T20:52:44.040+02:00 DEBUG 60489 --- [portfolioapp-prog5-resit] [    Test worker] org.hibernate.type.BasicTypeRegistry     : Adding type registration long -> org.hibernate.type.BasicTypeReference@7858d31d
2025-08-23T20:52:44.040+02:00 DEBUG 60489 --- [portfolioapp-prog5-resit] [    Test worker] org.hibernate.type.BasicTypeRegistry     : Adding type registration long -> org.hibernate.type.BasicTypeReference@7858d31d
2025-08-23T20:52:44.040+02:00 DEBUG 60489 --- [portfolioapp-prog5-resit] [    Test worker] org.hibernate.type.BasicTypeRegistry     : Adding type registration java.lang.Long -> org.hibernate.type.BasicTypeReference@7858d31d
2025-08-23T20:52:44.040+02:00 DEBUG 60489 --- [portfolioapp-prog5-resit] [    Test worker] org.hibernate.type.BasicTypeRegistry     : Adding type registration float -> org.hibernate.type.BasicTypeReference@782e6b40
2025-08-23T20:52:44.040+02:00 DEBUG 60489 --- [portfolioapp-prog5-resit] [    Test worker] org.hibernate.type.BasicTypeRegistry     : Adding type registration float -> org.hibernate.type.BasicTypeReference@782e6b40
2025-08-23T20:52:44.041+02:00 DEBUG 60489 --- [portfolioapp-prog5-resit] [    Test worker] org.hibernate.type.BasicTypeRegistry     : Adding type registration java.lang.Float -> org.hibernate.type.BasicTypeReference@782e6b40
2025-08-23T20:52:44.041+02:00 DEBUG 60489 --- [portfolioapp-prog5-resit] [    Test worker] org.hibernate.type.BasicTypeRegistry     : Adding type registration double -> org.hibernate.type.BasicTypeReference@3b65084e
2025-08-23T20:52:44.041+02:00 DEBUG 60489 --- [portfolioapp-prog5-resit] [    Test worker] org.hibernate.type.BasicTypeRegistry     : Adding type registration double -> org.hibernate.type.BasicTypeReference@3b65084e
2025-08-23T20:52:44.041+02:00 DEBUG 60489 --- [portfolioapp-prog5-resit] [    Test worker] org.hibernate.type.BasicTypeRegistry     : Adding type registration java.lang.Double -> org.hibernate.type.BasicTypeReference@3b65084e
2025-08-23T20:52:44.041+02:00 DEBUG 60489 --- [portfolioapp-prog5-resit] [    Test worker] org.hibernate.type.BasicTypeRegistry     : Adding type registration big_integer -> org.hibernate.type.BasicTypeReference@32d0d7eb
2025-08-23T20:52:44.041+02:00 DEBUG 60489 --- [portfolioapp-prog5-resit] [    Test worker] org.hibernate.type.BasicTypeRegistry     : Adding type registration java.math.BigInteger -> org.hibernate.type.BasicTypeReference@32d0d7eb
2025-08-23T20:52:44.042+02:00 DEBUG 60489 --- [portfolioapp-prog5-resit] [    Test worker] org.hibernate.type.BasicTypeRegistry     : Adding type registration big_decimal -> org.hibernate.type.BasicTypeReference@cae2a97
2025-08-23T20:52:44.042+02:00 DEBUG 60489 --- [portfolioapp-prog5-resit] [    Test worker] org.hibernate.type.BasicTypeRegistry     : Adding type registration java.math.BigDecimal -> org.hibernate.type.BasicTypeReference@cae2a97
2025-08-23T20:52:44.042+02:00 DEBUG 60489 --- [portfolioapp-prog5-resit] [    Test worker] org.hibernate.type.BasicTypeRegistry     : Adding type registration character -> org.hibernate.type.BasicTypeReference@7d12429
2025-08-23T20:52:44.042+02:00 DEBUG 60489 --- [portfolioapp-prog5-resit] [    Test worker] org.hibernate.type.BasicTypeRegistry     : Adding type registration char -> org.hibernate.type.BasicTypeReference@7d12429
2025-08-23T20:52:44.042+02:00 DEBUG 60489 --- [portfolioapp-prog5-resit] [    Test worker] org.hibernate.type.BasicTypeRegistry     : Adding type registration java.lang.Character -> org.hibernate.type.BasicTypeReference@7d12429
2025-08-23T20:52:44.042+02:00 DEBUG 60489 --- [portfolioapp-prog5-resit] [    Test worker] org.hibernate.type.BasicTypeRegistry     : Adding type registration character_nchar -> org.hibernate.type.BasicTypeReference@14656be5
2025-08-23T20:52:44.043+02:00 DEBUG 60489 --- [portfolioapp-prog5-resit] [    Test worker] org.hibernate.type.BasicTypeRegistry     : Adding type registration string -> org.hibernate.type.BasicTypeReference@20be890d
2025-08-23T20:52:44.043+02:00 DEBUG 60489 --- [portfolioapp-prog5-resit] [    Test worker] org.hibernate.type.BasicTypeRegistry     : Adding type registration java.lang.String -> org.hibernate.type.BasicTypeReference@20be890d
2025-08-23T20:52:44.043+02:00 DEBUG 60489 --- [portfolioapp-prog5-resit] [    Test worker] org.hibernate.type.BasicTypeRegistry     : Adding type registration nstring -> org.hibernate.type.BasicTypeReference@5db9f51f
2025-08-23T20:52:44.043+02:00 DEBUG 60489 --- [portfolioapp-prog5-resit] [    Test worker] org.hibernate.type.BasicTypeRegistry     : Adding type registration characters -> org.hibernate.type.BasicTypeReference@534762ed
2025-08-23T20:52:44.044+02:00 DEBUG 60489 --- [portfolioapp-prog5-resit] [    Test worker] org.hibernate.type.BasicTypeRegistry     : Adding type registration char[] -> org.hibernate.type.BasicTypeReference@534762ed
2025-08-23T20:52:44.044+02:00 DEBUG 60489 --- [portfolioapp-prog5-resit] [    Test worker] org.hibernate.type.BasicTypeRegistry     : Adding type registration [C -> org.hibernate.type.BasicTypeReference@534762ed
2025-08-23T20:52:44.044+02:00 DEBUG 60489 --- [portfolioapp-prog5-resit] [    Test worker] org.hibernate.type.BasicTypeRegistry     : Adding type registration wrapper-characters -> org.hibernate.type.BasicTypeReference@6c421123
2025-08-23T20:52:44.044+02:00 DEBUG 60489 --- [portfolioapp-prog5-resit] [    Test worker] org.hibernate.type.BasicTypeRegistry     : Adding type registration text -> org.hibernate.type.BasicTypeReference@38e00b47
2025-08-23T20:52:44.044+02:00 DEBUG 60489 --- [portfolioapp-prog5-resit] [    Test worker] org.hibernate.type.BasicTypeRegistry     : Adding type registration ntext -> org.hibernate.type.BasicTypeReference@2a631049
2025-08-23T20:52:44.044+02:00 DEBUG 60489 --- [portfolioapp-prog5-resit] [    Test worker] org.hibernate.type.BasicTypeRegistry     : Adding type registration clob -> org.hibernate.type.BasicTypeReference@425b5fe2
2025-08-23T20:52:44.044+02:00 DEBUG 60489 --- [portfolioapp-prog5-resit] [    Test worker] org.hibernate.type.BasicTypeRegistry     : Adding type registration java.sql.Clob -> org.hibernate.type.BasicTypeReference@425b5fe2
2025-08-23T20:52:44.044+02:00 DEBUG 60489 --- [portfolioapp-prog5-resit] [    Test worker] org.hibernate.type.BasicTypeRegistry     : Adding type registration nclob -> org.hibernate.type.BasicTypeReference@3eec8583
2025-08-23T20:52:44.045+02:00 DEBUG 60489 --- [portfolioapp-prog5-resit] [    Test worker] org.hibernate.type.BasicTypeRegistry     : Adding type registration java.sql.NClob -> org.hibernate.type.BasicTypeReference@3eec8583
2025-08-23T20:52:44.045+02:00 DEBUG 60489 --- [portfolioapp-prog5-resit] [    Test worker] org.hibernate.type.BasicTypeRegistry     : Adding type registration materialized_clob -> org.hibernate.type.BasicTypeReference@66e1b2a
2025-08-23T20:52:44.045+02:00 DEBUG 60489 --- [portfolioapp-prog5-resit] [    Test worker] org.hibernate.type.BasicTypeRegistry     : Adding type registration materialized_clob_char_array -> org.hibernate.type.BasicTypeReference@343db2f6
2025-08-23T20:52:44.045+02:00 DEBUG 60489 --- [portfolioapp-prog5-resit] [    Test worker] org.hibernate.type.BasicTypeRegistry     : Adding type registration materialized_clob_character_array -> org.hibernate.type.BasicTypeReference@2c815fdc
2025-08-23T20:52:44.045+02:00 DEBUG 60489 --- [portfolioapp-prog5-resit] [    Test worker] org.hibernate.type.BasicTypeRegistry     : Adding type registration materialized_nclob -> org.hibernate.type.BasicTypeReference@769b0752
2025-08-23T20:52:44.045+02:00 DEBUG 60489 --- [portfolioapp-prog5-resit] [    Test worker] org.hibernate.type.BasicTypeRegistry     : Adding type registration materialized_nclob_character_array -> org.hibernate.type.BasicTypeReference@dae5e0
2025-08-23T20:52:44.045+02:00 DEBUG 60489 --- [portfolioapp-prog5-resit] [    Test worker] org.hibernate.type.BasicTypeRegistry     : Adding type registration materialized_nclob_char_array -> org.hibernate.type.BasicTypeReference@59a94d0f
2025-08-23T20:52:44.045+02:00 DEBUG 60489 --- [portfolioapp-prog5-resit] [    Test worker] org.hibernate.type.BasicTypeRegistry     : Adding type registration Duration -> org.hibernate.type.BasicTypeReference@7ff09659
2025-08-23T20:52:44.045+02:00 DEBUG 60489 --- [portfolioapp-prog5-resit] [    Test worker] org.hibernate.type.BasicTypeRegistry     : Adding type registration java.time.Duration -> org.hibernate.type.BasicTypeReference@7ff09659
2025-08-23T20:52:44.045+02:00 DEBUG 60489 --- [portfolioapp-prog5-resit] [    Test worker] org.hibernate.type.BasicTypeRegistry     : Adding type registration LocalDateTime -> org.hibernate.type.BasicTypeReference@517fbf62
2025-08-23T20:52:44.045+02:00 DEBUG 60489 --- [portfolioapp-prog5-resit] [    Test worker] org.hibernate.type.BasicTypeRegistry     : Adding type registration java.time.LocalDateTime -> org.hibernate.type.BasicTypeReference@517fbf62
2025-08-23T20:52:44.046+02:00 DEBUG 60489 --- [portfolioapp-prog5-resit] [    Test worker] org.hibernate.type.BasicTypeRegistry     : Adding type registration LocalDate -> org.hibernate.type.BasicTypeReference@65db548
2025-08-23T20:52:44.046+02:00 DEBUG 60489 --- [portfolioapp-prog5-resit] [    Test worker] org.hibernate.type.BasicTypeRegistry     : Adding type registration java.time.LocalDate -> org.hibernate.type.BasicTypeReference@65db548
2025-08-23T20:52:44.046+02:00 DEBUG 60489 --- [portfolioapp-prog5-resit] [    Test worker] org.hibernate.type.BasicTypeRegistry     : Adding type registration LocalTime -> org.hibernate.type.BasicTypeReference@150f41b9
2025-08-23T20:52:44.046+02:00 DEBUG 60489 --- [portfolioapp-prog5-resit] [    Test worker] org.hibernate.type.BasicTypeRegistry     : Adding type registration java.time.LocalTime -> org.hibernate.type.BasicTypeReference@150f41b9
2025-08-23T20:52:44.046+02:00 DEBUG 60489 --- [portfolioapp-prog5-resit] [    Test worker] org.hibernate.type.BasicTypeRegistry     : Adding type registration OffsetDateTime -> org.hibernate.type.BasicTypeReference@6e364f1f
2025-08-23T20:52:44.046+02:00 DEBUG 60489 --- [portfolioapp-prog5-resit] [    Test worker] org.hibernate.type.BasicTypeRegistry     : Adding type registration java.time.OffsetDateTime -> org.hibernate.type.BasicTypeReference@6e364f1f
2025-08-23T20:52:44.046+02:00 DEBUG 60489 --- [portfolioapp-prog5-resit] [    Test worker] org.hibernate.type.BasicTypeRegistry     : Adding type registration OffsetDateTimeWithTimezone -> org.hibernate.type.BasicTypeReference@429e7914
2025-08-23T20:52:44.046+02:00 DEBUG 60489 --- [portfolioapp-prog5-resit] [    Test worker] org.hibernate.type.BasicTypeRegistry     : Adding type registration OffsetDateTimeWithoutTimezone -> org.hibernate.type.BasicTypeReference@298263fa
2025-08-23T20:52:44.046+02:00 DEBUG 60489 --- [portfolioapp-prog5-resit] [    Test worker] org.hibernate.type.BasicTypeRegistry     : Adding type registration OffsetTime -> org.hibernate.type.BasicTypeReference@466fedfa
2025-08-23T20:52:44.046+02:00 DEBUG 60489 --- [portfolioapp-prog5-resit] [    Test worker] org.hibernate.type.BasicTypeRegistry     : Adding type registration java.time.OffsetTime -> org.hibernate.type.BasicTypeReference@466fedfa
2025-08-23T20:52:44.046+02:00 DEBUG 60489 --- [portfolioapp-prog5-resit] [    Test worker] org.hibernate.type.BasicTypeRegistry     : Adding type registration OffsetTimeUtc -> org.hibernate.type.BasicTypeReference@1a7d0c9f
2025-08-23T20:52:44.047+02:00 DEBUG 60489 --- [portfolioapp-prog5-resit] [    Test worker] org.hibernate.type.BasicTypeRegistry     : Adding type registration OffsetTimeWithTimezone -> org.hibernate.type.BasicTypeReference@2b1a901d
2025-08-23T20:52:44.047+02:00 DEBUG 60489 --- [portfolioapp-prog5-resit] [    Test worker] org.hibernate.type.BasicTypeRegistry     : Adding type registration OffsetTimeWithoutTimezone -> org.hibernate.type.BasicTypeReference@11bdab37
2025-08-23T20:52:44.047+02:00 DEBUG 60489 --- [portfolioapp-prog5-resit] [    Test worker] org.hibernate.type.BasicTypeRegistry     : Adding type registration ZonedDateTime -> org.hibernate.type.BasicTypeReference@280484c7
2025-08-23T20:52:44.047+02:00 DEBUG 60489 --- [portfolioapp-prog5-resit] [    Test worker] org.hibernate.type.BasicTypeRegistry     : Adding type registration java.time.ZonedDateTime -> org.hibernate.type.BasicTypeReference@280484c7
2025-08-23T20:52:44.047+02:00 DEBUG 60489 --- [portfolioapp-prog5-resit] [    Test worker] org.hibernate.type.BasicTypeRegistry     : Adding type registration ZonedDateTimeWithTimezone -> org.hibernate.type.BasicTypeReference@5a6f6cac
2025-08-23T20:52:44.047+02:00 DEBUG 60489 --- [portfolioapp-prog5-resit] [    Test worker] org.hibernate.type.BasicTypeRegistry     : Adding type registration ZonedDateTimeWithoutTimezone -> org.hibernate.type.BasicTypeReference@258a8584
2025-08-23T20:52:44.047+02:00 DEBUG 60489 --- [portfolioapp-prog5-resit] [    Test worker] org.hibernate.type.BasicTypeRegistry     : Adding type registration date -> org.hibernate.type.BasicTypeReference@59127611
2025-08-23T20:52:44.047+02:00 DEBUG 60489 --- [portfolioapp-prog5-resit] [    Test worker] org.hibernate.type.BasicTypeRegistry     : Adding type registration java.sql.Date -> org.hibernate.type.BasicTypeReference@59127611
2025-08-23T20:52:44.047+02:00 DEBUG 60489 --- [portfolioapp-prog5-resit] [    Test worker] org.hibernate.type.BasicTypeRegistry     : Adding type registration time -> org.hibernate.type.BasicTypeReference@553ce348
2025-08-23T20:52:44.047+02:00 DEBUG 60489 --- [portfolioapp-prog5-resit] [    Test worker] org.hibernate.type.BasicTypeRegistry     : Adding type registration java.sql.Time -> org.hibernate.type.BasicTypeReference@553ce348
2025-08-23T20:52:44.047+02:00 DEBUG 60489 --- [portfolioapp-prog5-resit] [    Test worker] org.hibernate.type.BasicTypeRegistry     : Adding type registration timestamp -> org.hibernate.type.BasicTypeReference@7417ef4f
2025-08-23T20:52:44.047+02:00 DEBUG 60489 --- [portfolioapp-prog5-resit] [    Test worker] org.hibernate.type.BasicTypeRegistry     : Adding type registration java.sql.Timestamp -> org.hibernate.type.BasicTypeReference@7417ef4f
2025-08-23T20:52:44.048+02:00 DEBUG 60489 --- [portfolioapp-prog5-resit] [    Test worker] org.hibernate.type.BasicTypeRegistry     : Adding type registration java.util.Date -> org.hibernate.type.BasicTypeReference@7417ef4f
2025-08-23T20:52:44.048+02:00 DEBUG 60489 --- [portfolioapp-prog5-resit] [    Test worker] org.hibernate.type.BasicTypeRegistry     : Adding type registration calendar -> org.hibernate.type.BasicTypeReference@5c0e2ec
2025-08-23T20:52:44.048+02:00 DEBUG 60489 --- [portfolioapp-prog5-resit] [    Test worker] org.hibernate.type.BasicTypeRegistry     : Adding type registration java.util.Calendar -> org.hibernate.type.BasicTypeReference@5c0e2ec
2025-08-23T20:52:44.048+02:00 DEBUG 60489 --- [portfolioapp-prog5-resit] [    Test worker] org.hibernate.type.BasicTypeRegistry     : Adding type registration java.util.GregorianCalendar -> org.hibernate.type.BasicTypeReference@5c0e2ec
2025-08-23T20:52:44.048+02:00 DEBUG 60489 --- [portfolioapp-prog5-resit] [    Test worker] org.hibernate.type.BasicTypeRegistry     : Adding type registration calendar_date -> org.hibernate.type.BasicTypeReference@4fa8bebb
2025-08-23T20:52:44.048+02:00 DEBUG 60489 --- [portfolioapp-prog5-resit] [    Test worker] org.hibernate.type.BasicTypeRegistry     : Adding type registration calendar_time -> org.hibernate.type.BasicTypeReference@7d3c22a5
2025-08-23T20:52:44.048+02:00 DEBUG 60489 --- [portfolioapp-prog5-resit] [    Test worker] org.hibernate.type.BasicTypeRegistry     : Adding type registration instant -> org.hibernate.type.BasicTypeReference@369ad7da
2025-08-23T20:52:44.048+02:00 DEBUG 60489 --- [portfolioapp-prog5-resit] [    Test worker] org.hibernate.type.BasicTypeRegistry     : Adding type registration java.time.Instant -> org.hibernate.type.BasicTypeReference@369ad7da
2025-08-23T20:52:44.048+02:00 DEBUG 60489 --- [portfolioapp-prog5-resit] [    Test worker] org.hibernate.type.BasicTypeRegistry     : Adding type registration uuid -> org.hibernate.type.BasicTypeReference@344f9467
2025-08-23T20:52:44.048+02:00 DEBUG 60489 --- [portfolioapp-prog5-resit] [    Test worker] org.hibernate.type.BasicTypeRegistry     : Adding type registration java.util.UUID -> org.hibernate.type.BasicTypeReference@344f9467
2025-08-23T20:52:44.048+02:00 DEBUG 60489 --- [portfolioapp-prog5-resit] [    Test worker] org.hibernate.type.BasicTypeRegistry     : Adding type registration pg-uuid -> org.hibernate.type.BasicTypeReference@344f9467
2025-08-23T20:52:44.048+02:00 DEBUG 60489 --- [portfolioapp-prog5-resit] [    Test worker] org.hibernate.type.BasicTypeRegistry     : Adding type registration uuid-binary -> org.hibernate.type.BasicTypeReference@3e98b933
2025-08-23T20:52:44.048+02:00 DEBUG 60489 --- [portfolioapp-prog5-resit] [    Test worker] org.hibernate.type.BasicTypeRegistry     : Adding type registration uuid-char -> org.hibernate.type.BasicTypeReference@222d9d4f
2025-08-23T20:52:44.048+02:00 DEBUG 60489 --- [portfolioapp-prog5-resit] [    Test worker] org.hibernate.type.BasicTypeRegistry     : Adding type registration class -> org.hibernate.type.BasicTypeReference@4269aad7
2025-08-23T20:52:44.049+02:00 DEBUG 60489 --- [portfolioapp-prog5-resit] [    Test worker] org.hibernate.type.BasicTypeRegistry     : Adding type registration java.lang.Class -> org.hibernate.type.BasicTypeReference@4269aad7
2025-08-23T20:52:44.049+02:00 DEBUG 60489 --- [portfolioapp-prog5-resit] [    Test worker] org.hibernate.type.BasicTypeRegistry     : Adding type registration currency -> org.hibernate.type.BasicTypeReference@a4df251
2025-08-23T20:52:44.049+02:00 DEBUG 60489 --- [portfolioapp-prog5-resit] [    Test worker] org.hibernate.type.BasicTypeRegistry     : Adding type registration Currency -> org.hibernate.type.BasicTypeReference@a4df251
2025-08-23T20:52:44.049+02:00 DEBUG 60489 --- [portfolioapp-prog5-resit] [    Test worker] org.hibernate.type.BasicTypeRegistry     : Adding type registration java.util.Currency -> org.hibernate.type.BasicTypeReference@a4df251
2025-08-23T20:52:44.049+02:00 DEBUG 60489 --- [portfolioapp-prog5-resit] [    Test worker] org.hibernate.type.BasicTypeRegistry     : Adding type registration locale -> org.hibernate.type.BasicTypeReference@71e7830a
2025-08-23T20:52:44.049+02:00 DEBUG 60489 --- [portfolioapp-prog5-resit] [    Test worker] org.hibernate.type.BasicTypeRegistry     : Adding type registration java.util.Locale -> org.hibernate.type.BasicTypeReference@71e7830a
2025-08-23T20:52:44.049+02:00 DEBUG 60489 --- [portfolioapp-prog5-resit] [    Test worker] org.hibernate.type.BasicTypeRegistry     : Adding type registration serializable -> org.hibernate.type.BasicTypeReference@3feebf9c
2025-08-23T20:52:44.049+02:00 DEBUG 60489 --- [portfolioapp-prog5-resit] [    Test worker] org.hibernate.type.BasicTypeRegistry     : Adding type registration java.io.Serializable -> org.hibernate.type.BasicTypeReference@3feebf9c
2025-08-23T20:52:44.049+02:00 DEBUG 60489 --- [portfolioapp-prog5-resit] [    Test worker] org.hibernate.type.BasicTypeRegistry     : Adding type registration timezone -> org.hibernate.type.BasicTypeReference@305e95a4
2025-08-23T20:52:44.049+02:00 DEBUG 60489 --- [portfolioapp-prog5-resit] [    Test worker] org.hibernate.type.BasicTypeRegistry     : Adding type registration java.util.TimeZone -> org.hibernate.type.BasicTypeReference@305e95a4
2025-08-23T20:52:44.049+02:00 DEBUG 60489 --- [portfolioapp-prog5-resit] [    Test worker] org.hibernate.type.BasicTypeRegistry     : Adding type registration ZoneOffset -> org.hibernate.type.BasicTypeReference@55e42684
2025-08-23T20:52:44.049+02:00 DEBUG 60489 --- [portfolioapp-prog5-resit] [    Test worker] org.hibernate.type.BasicTypeRegistry     : Adding type registration java.time.ZoneOffset -> org.hibernate.type.BasicTypeReference@55e42684
2025-08-23T20:52:44.049+02:00 DEBUG 60489 --- [portfolioapp-prog5-resit] [    Test worker] org.hibernate.type.BasicTypeRegistry     : Adding type registration url -> org.hibernate.type.BasicTypeReference@18d610e1
2025-08-23T20:52:44.050+02:00 DEBUG 60489 --- [portfolioapp-prog5-resit] [    Test worker] org.hibernate.type.BasicTypeRegistry     : Adding type registration java.net.URL -> org.hibernate.type.BasicTypeReference@18d610e1
2025-08-23T20:52:44.050+02:00 DEBUG 60489 --- [portfolioapp-prog5-resit] [    Test worker] org.hibernate.type.BasicTypeRegistry     : Adding type registration vector -> org.hibernate.type.BasicTypeReference@528e5e38
2025-08-23T20:52:44.050+02:00 DEBUG 60489 --- [portfolioapp-prog5-resit] [    Test worker] org.hibernate.type.BasicTypeRegistry     : Adding type registration float_vector -> org.hibernate.type.BasicTypeReference@16391278
2025-08-23T20:52:44.050+02:00 DEBUG 60489 --- [portfolioapp-prog5-resit] [    Test worker] org.hibernate.type.BasicTypeRegistry     : Adding type registration double_vector -> org.hibernate.type.BasicTypeReference@621dc63d
2025-08-23T20:52:44.050+02:00 DEBUG 60489 --- [portfolioapp-prog5-resit] [    Test worker] org.hibernate.type.BasicTypeRegistry     : Adding type registration byte_vector -> org.hibernate.type.BasicTypeReference@4ae49387
2025-08-23T20:52:44.050+02:00 DEBUG 60489 --- [portfolioapp-prog5-resit] [    Test worker] org.hibernate.type.BasicTypeRegistry     : Adding type registration row_version -> org.hibernate.type.BasicTypeReference@6abb7b7d
2025-08-23T20:52:44.050+02:00 DEBUG 60489 --- [portfolioapp-prog5-resit] [    Test worker] org.hibernate.type.BasicTypeRegistry     : Adding type registration object -> org.hibernate.type.JavaObjectType@4cb4c4cc
2025-08-23T20:52:44.050+02:00 DEBUG 60489 --- [portfolioapp-prog5-resit] [    Test worker] org.hibernate.type.BasicTypeRegistry     : Adding type registration java.lang.Object -> org.hibernate.type.JavaObjectType@4cb4c4cc
2025-08-23T20:52:44.050+02:00 DEBUG 60489 --- [portfolioapp-prog5-resit] [    Test worker] org.hibernate.type.BasicTypeRegistry     : Adding type registration null -> org.hibernate.type.NullType@5a82bc58
2025-08-23T20:52:44.050+02:00 DEBUG 60489 --- [portfolioapp-prog5-resit] [    Test worker] org.hibernate.type.BasicTypeRegistry     : Adding type registration imm_date -> org.hibernate.type.BasicTypeReference@3ee15053
2025-08-23T20:52:44.050+02:00 DEBUG 60489 --- [portfolioapp-prog5-resit] [    Test worker] org.hibernate.type.BasicTypeRegistry     : Adding type registration imm_time -> org.hibernate.type.BasicTypeReference@7f5a6622
2025-08-23T20:52:44.050+02:00 DEBUG 60489 --- [portfolioapp-prog5-resit] [    Test worker] org.hibernate.type.BasicTypeRegistry     : Adding type registration imm_timestamp -> org.hibernate.type.BasicTypeReference@788fdf40
2025-08-23T20:52:44.050+02:00 DEBUG 60489 --- [portfolioapp-prog5-resit] [    Test worker] org.hibernate.type.BasicTypeRegistry     : Adding type registration imm_calendar -> org.hibernate.type.BasicTypeReference@55ba52cc
2025-08-23T20:52:44.050+02:00 DEBUG 60489 --- [portfolioapp-prog5-resit] [    Test worker] org.hibernate.type.BasicTypeRegistry     : Adding type registration imm_calendar_date -> org.hibernate.type.BasicTypeReference@616de3e0
2025-08-23T20:52:44.050+02:00 DEBUG 60489 --- [portfolioapp-prog5-resit] [    Test worker] org.hibernate.type.BasicTypeRegistry     : Adding type registration imm_calendar_time -> org.hibernate.type.BasicTypeReference@4d2af299
2025-08-23T20:52:44.050+02:00 DEBUG 60489 --- [portfolioapp-prog5-resit] [    Test worker] org.hibernate.type.BasicTypeRegistry     : Adding type registration imm_binary -> org.hibernate.type.BasicTypeReference@4b5951a3
2025-08-23T20:52:44.051+02:00 DEBUG 60489 --- [portfolioapp-prog5-resit] [    Test worker] org.hibernate.type.BasicTypeRegistry     : Adding type registration imm_serializable -> org.hibernate.type.BasicTypeReference@4c724636
2025-08-23T20:52:44.054+02:00 DEBUG 60489 --- [portfolioapp-prog5-resit] [    Test worker] o.h.boot.internal.BootstrapContextImpl   : Injecting JPA temp ClassLoader [org.springframework.instrument.classloading.SimpleThrowawayClassLoader@58aa5259] into BootstrapContext; was [null]
2025-08-23T20:52:44.054+02:00 DEBUG 60489 --- [portfolioapp-prog5-resit] [    Test worker] o.h.boot.internal.ClassLoaderAccessImpl  : ClassLoaderAccessImpl#injectTempClassLoader(org.springframework.instrument.classloading.SimpleThrowawayClassLoader@58aa5259) [was null]
2025-08-23T20:52:44.054+02:00 DEBUG 60489 --- [portfolioapp-prog5-resit] [    Test worker] o.h.boot.internal.BootstrapContextImpl   : Injecting ScanEnvironment [org.hibernate.jpa.boot.internal.StandardJpaScanEnvironmentImpl@59ffc4a6] into BootstrapContext; was [null]
2025-08-23T20:52:44.054+02:00 DEBUG 60489 --- [portfolioapp-prog5-resit] [    Test worker] o.h.boot.internal.BootstrapContextImpl   : Injecting ScanOptions [org.hibernate.boot.archive.scan.internal.StandardScanOptions@7626a59] into BootstrapContext; was [org.hibernate.boot.archive.scan.internal.StandardScanOptions@33ad9708]
2025-08-23T20:52:44.056+02:00 DEBUG 60489 --- [portfolioapp-prog5-resit] [    Test worker] o.h.j.b.i.PersistenceUnitInfoDescriptor  : Pushing class transformers for PU named 'default' on loading classloader jdk.internal.loader.ClassLoaders$AppClassLoader@30946e09
2025-08-23T20:52:44.065+02:00  INFO 60489 --- [portfolioapp-prog5-resit] [    Test worker] o.s.o.j.p.SpringPersistenceUnitInfo      : No LoadTimeWeaver setup: ignoring JPA class transformer
2025-08-23T20:52:44.065+02:00 DEBUG 60489 --- [portfolioapp-prog5-resit] [    Test worker] o.h.boot.internal.BootstrapContextImpl   : Injecting JPA temp ClassLoader [null] into BootstrapContext; was [org.springframework.instrument.classloading.SimpleThrowawayClassLoader@58aa5259]
2025-08-23T20:52:44.066+02:00 DEBUG 60489 --- [portfolioapp-prog5-resit] [    Test worker] o.h.boot.internal.ClassLoaderAccessImpl  : ClassLoaderAccessImpl#injectTempClassLoader(null) [was org.springframework.instrument.classloading.SimpleThrowawayClassLoader@58aa5259]
2025-08-23T20:52:44.068+02:00  INFO 60489 --- [portfolioapp-prog5-resit] [    Test worker] com.zaxxer.hikari.HikariDataSource       : HikariPool-3 - Starting...
2025-08-23T20:52:44.070+02:00  INFO 60489 --- [portfolioapp-prog5-resit] [    Test worker] com.zaxxer.hikari.pool.HikariPool        : HikariPool-3 - Added connection conn17: url=jdbc:h2:mem:portfolio user=POSTGRES
2025-08-23T20:52:44.070+02:00  INFO 60489 --- [portfolioapp-prog5-resit] [    Test worker] com.zaxxer.hikari.HikariDataSource       : HikariPool-3 - Start completed.
2025-08-23T20:52:44.070+02:00 DEBUG 60489 --- [portfolioapp-prog5-resit] [    Test worker] o.h.e.j.e.i.JdbcEnvironmentInitiator     : Database ->
	   name : H2
	version : 2.3.232 (2024-08-11)
	  major : 2
	  minor : 3
2025-08-23T20:52:44.071+02:00 DEBUG 60489 --- [portfolioapp-prog5-resit] [    Test worker] o.h.e.j.e.i.JdbcEnvironmentInitiator     : Driver ->
	   name : H2 JDBC Driver
	version : 2.3.232 (2024-08-11)
	  major : 2
	  minor : 3
2025-08-23T20:52:44.071+02:00 DEBUG 60489 --- [portfolioapp-prog5-resit] [    Test worker] o.h.e.j.e.i.JdbcEnvironmentInitiator     : JDBC version : 4.3
2025-08-23T20:52:44.071+02:00 DEBUG 60489 --- [portfolioapp-prog5-resit] [    Test worker] org.hibernate.orm.dialect                : HHH035001: Using dialect: org.hibernate.dialect.H2Dialect, version: 2.3.232
2025-08-23T20:52:44.071+02:00 DEBUG 60489 --- [portfolioapp-prog5-resit] [    Test worker] o.h.e.j.env.spi.IdentifierHelperBuilder  : JDBC driver metadata reported database stores unquoted identifiers in neither upper, lower nor mixed case
2025-08-23T20:52:44.072+02:00 DEBUG 60489 --- [portfolioapp-prog5-resit] [    Test worker] o.h.e.j.env.spi.IdentifierHelperBuilder  : JDBC driver metadata reported database stores quoted identifiers in neither upper, lower nor mixed case
2025-08-23T20:52:44.072+02:00  INFO 60489 --- [portfolioapp-prog5-resit] [    Test worker] org.hibernate.orm.connections.pooling    : HHH10001005: Database info:
	Database JDBC URL [Connecting through datasource 'HikariDataSource (HikariPool-3)']
	Database driver: undefined/unknown
	Database version: 2.3.232
	Autocommit mode: undefined/unknown
	Isolation level: undefined/unknown
	Minimum pool size: undefined/unknown
	Maximum pool size: undefined/unknown
2025-08-23T20:52:44.073+02:00 DEBUG 60489 --- [portfolioapp-prog5-resit] [    Test worker] o.h.t.d.jdbc.spi.JdbcTypeRegistry        : addDescriptor(NCharTypeDescriptor) replaced previous registration(CharTypeDescriptor)
2025-08-23T20:52:44.074+02:00 DEBUG 60489 --- [portfolioapp-prog5-resit] [    Test worker] o.h.t.d.jdbc.spi.JdbcTypeRegistry        : addDescriptor(NVarcharTypeDescriptor) replaced previous registration(VarcharTypeDescriptor)
2025-08-23T20:52:44.074+02:00 DEBUG 60489 --- [portfolioapp-prog5-resit] [    Test worker] o.h.t.d.jdbc.spi.JdbcTypeRegistry        : addDescriptor(LongNVarcharTypeDescriptor) replaced previous registration(LongVarcharTypeDescriptor)
2025-08-23T20:52:44.074+02:00 DEBUG 60489 --- [portfolioapp-prog5-resit] [    Test worker] o.h.t.d.jdbc.spi.JdbcTypeRegistry        : addDescriptor(NClobTypeDescriptor(DEFAULT)) replaced previous registration(ClobTypeDescriptor(DEFAULT))
2025-08-23T20:52:44.074+02:00 DEBUG 60489 --- [portfolioapp-prog5-resit] [    Test worker] o.h.t.d.jdbc.spi.JdbcTypeRegistry        : addDescriptor(TimestampUtcDescriptor) replaced previous registration(TimestampUtcDescriptor)
2025-08-23T20:52:44.074+02:00 DEBUG 60489 --- [portfolioapp-prog5-resit] [    Test worker] org.hibernate.type.BasicTypeRegistry     : Adding type registration org.hibernate.type.DurationType -> basicType@67(java.time.Duration,3015)
2025-08-23T20:52:44.074+02:00 DEBUG 60489 --- [portfolioapp-prog5-resit] [    Test worker] org.hibernate.type.BasicTypeRegistry     : Adding type registration Duration -> basicType@67(java.time.Duration,3015)
2025-08-23T20:52:44.074+02:00 DEBUG 60489 --- [portfolioapp-prog5-resit] [    Test worker] org.hibernate.type.BasicTypeRegistry     : Adding type registration java.time.Duration -> basicType@67(java.time.Duration,3015)
2025-08-23T20:52:44.074+02:00 DEBUG 60489 --- [portfolioapp-prog5-resit] [    Test worker] o.h.type.spi.TypeConfiguration$Scope     : Scoping TypeConfiguration [org.hibernate.type.spi.TypeConfiguration@4490b985] to MetadataBuildingContext [org.hibernate.boot.internal.MetadataBuildingContextRootImpl@3bb444a2]
2025-08-23T20:52:44.075+02:00 DEBUG 60489 --- [portfolioapp-prog5-resit] [    Test worker] o.h.boot.model.relational.Namespace      : Created database namespace [logicalName=Name{catalog=null, schema=null}, physicalName=Name{catalog=null, schema=null}]
2025-08-23T20:52:44.075+02:00 DEBUG 60489 --- [portfolioapp-prog5-resit] [    Test worker] o.h.boot.model.internal.EntityBinder     : Binding entity from annotated class: com.example.portfolioappprog5resit.domain.AppUser
2025-08-23T20:52:44.076+02:00 DEBUG 60489 --- [portfolioapp-prog5-resit] [    Test worker] o.h.boot.model.internal.EntityBinder     : Import with entity name AppUser
2025-08-23T20:52:44.076+02:00 DEBUG 60489 --- [portfolioapp-prog5-resit] [    Test worker] o.h.boot.model.internal.EntityBinder     : Bind entity com.example.portfolioappprog5resit.domain.AppUser on table application_user
2025-08-23T20:52:44.076+02:00 DEBUG 60489 --- [portfolioapp-prog5-resit] [    Test worker] o.h.boot.model.internal.AnnotatedColumn  : Binding column: AnnotatedDiscriminatorColumn(column='DTYPE')
2025-08-23T20:52:44.078+02:00 DEBUG 60489 --- [portfolioapp-prog5-resit] [    Test worker] o.h.boot.model.internal.AnnotatedColumn  : Binding column: AnnotatedColumn()
2025-08-23T20:52:44.078+02:00 DEBUG 60489 --- [portfolioapp-prog5-resit] [    Test worker] o.h.boot.internal.ClassLoaderAccessImpl  : Not known whether passed class name [com.example.portfolioappprog5resit.domain.AppUser] is safe
2025-08-23T20:52:44.078+02:00 DEBUG 60489 --- [portfolioapp-prog5-resit] [    Test worker] o.h.boot.internal.ClassLoaderAccessImpl  : No temp ClassLoader provided; using live ClassLoader for loading potentially unsafe class : com.example.portfolioappprog5resit.domain.AppUser
2025-08-23T20:52:44.078+02:00 DEBUG 60489 --- [portfolioapp-prog5-resit] [    Test worker] o.h.boot.model.internal.PropertyBinder   : MetadataSourceProcessor property id with lazy=false
2025-08-23T20:52:44.079+02:00 DEBUG 60489 --- [portfolioapp-prog5-resit] [    Test worker] o.h.b.m.internal.AbstractPropertyHolder  : Attempting to locate auto-apply AttributeConverter for property [com.example.portfolioappprog5resit.domain.AppUser:id]
2025-08-23T20:52:44.079+02:00 DEBUG 60489 --- [portfolioapp-prog5-resit] [    Test worker] o.h.b.model.internal.BasicValueBinder    : building BasicValue for id
2025-08-23T20:52:44.079+02:00 DEBUG 60489 --- [portfolioapp-prog5-resit] [    Test worker] org.hibernate.mapping.BasicValue         : Skipping column re-registration: application_user.id
2025-08-23T20:52:44.079+02:00 DEBUG 60489 --- [portfolioapp-prog5-resit] [    Test worker] o.h.boot.model.internal.PropertyBinder   : Building property id
2025-08-23T20:52:44.079+02:00 DEBUG 60489 --- [portfolioapp-prog5-resit] [    Test worker] o.h.boot.model.internal.BinderHelper     : #makeIdGenerator(BasicValue([Column(id)]), id, identity, , ...)
2025-08-23T20:52:44.079+02:00 DEBUG 60489 --- [portfolioapp-prog5-resit] [    Test worker] o.h.boot.model.internal.AnnotatedColumn  : Binding column: AnnotatedJoinColumn()
2025-08-23T20:52:44.080+02:00 DEBUG 60489 --- [portfolioapp-prog5-resit] [    Test worker] o.h.boot.model.internal.AnnotatedColumn  : Binding column: AnnotatedColumn()
2025-08-23T20:52:44.080+02:00 DEBUG 60489 --- [portfolioapp-prog5-resit] [    Test worker] o.h.boot.model.internal.AnnotatedColumn  : Binding column: IndexColumn(column='createdStocks_ORDER')
2025-08-23T20:52:44.080+02:00 DEBUG 60489 --- [portfolioapp-prog5-resit] [    Test worker] o.h.boot.model.internal.AnnotatedColumn  : Binding column: AnnotatedColumn()
2025-08-23T20:52:44.081+02:00 DEBUG 60489 --- [portfolioapp-prog5-resit] [    Test worker] o.h.boot.model.internal.AnnotatedColumn  : Binding column: AnnotatedColumn(column='createdStocks_KEY')
2025-08-23T20:52:44.081+02:00 DEBUG 60489 --- [portfolioapp-prog5-resit] [    Test worker] o.h.boot.model.internal.AnnotatedColumn  : Binding column: AnnotatedJoinColumn(column='createdStocks_KEY')
2025-08-23T20:52:44.081+02:00 DEBUG 60489 --- [portfolioapp-prog5-resit] [    Test worker] o.h.boot.model.internal.AnnotatedColumn  : Binding column: AnnotatedJoinColumn()
2025-08-23T20:52:44.081+02:00 DEBUG 60489 --- [portfolioapp-prog5-resit] [    Test worker] o.h.boot.model.internal.AnnotatedColumn  : Binding column: AnnotatedJoinColumn()
2025-08-23T20:52:44.081+02:00 DEBUG 60489 --- [portfolioapp-prog5-resit] [    Test worker] o.h.b.model.internal.CollectionBinder    : Collection role: com.example.portfolioappprog5resit.domain.AppUser.createdStocks
2025-08-23T20:52:44.081+02:00 DEBUG 60489 --- [portfolioapp-prog5-resit] [    Test worker] o.h.boot.model.internal.PropertyBinder   : Building property createdStocks
2025-08-23T20:52:44.082+02:00 DEBUG 60489 --- [portfolioapp-prog5-resit] [    Test worker] o.h.boot.model.internal.AnnotatedColumn  : Binding column: AnnotatedColumn()
2025-08-23T20:52:44.082+02:00 DEBUG 60489 --- [portfolioapp-prog5-resit] [    Test worker] o.h.boot.model.internal.PropertyBinder   : MetadataSourceProcessor property passwordHash with lazy=false
2025-08-23T20:52:44.082+02:00 DEBUG 60489 --- [portfolioapp-prog5-resit] [    Test worker] o.h.b.m.internal.AbstractPropertyHolder  : Attempting to locate auto-apply AttributeConverter for property [com.example.portfolioappprog5resit.domain.AppUser:passwordHash]
2025-08-23T20:52:44.082+02:00 DEBUG 60489 --- [portfolioapp-prog5-resit] [    Test worker] o.h.b.model.internal.BasicValueBinder    : building BasicValue for passwordHash
2025-08-23T20:52:44.082+02:00 DEBUG 60489 --- [portfolioapp-prog5-resit] [    Test worker] org.hibernate.mapping.BasicValue         : Skipping column re-registration: application_user.password_hash
2025-08-23T20:52:44.082+02:00 DEBUG 60489 --- [portfolioapp-prog5-resit] [    Test worker] o.h.boot.model.internal.PropertyBinder   : Building property passwordHash
2025-08-23T20:52:44.083+02:00 DEBUG 60489 --- [portfolioapp-prog5-resit] [    Test worker] o.h.boot.model.internal.AnnotatedColumn  : Binding column: AnnotatedColumn()
2025-08-23T20:52:44.083+02:00 DEBUG 60489 --- [portfolioapp-prog5-resit] [    Test worker] o.h.boot.model.internal.PropertyBinder   : MetadataSourceProcessor property role with lazy=false
2025-08-23T20:52:44.083+02:00 DEBUG 60489 --- [portfolioapp-prog5-resit] [    Test worker] o.h.b.m.internal.AbstractPropertyHolder  : Attempting to locate auto-apply AttributeConverter for property [com.example.portfolioappprog5resit.domain.AppUser:role]
2025-08-23T20:52:44.083+02:00 DEBUG 60489 --- [portfolioapp-prog5-resit] [    Test worker] o.h.b.model.internal.BasicValueBinder    : building BasicValue for role
2025-08-23T20:52:44.083+02:00 DEBUG 60489 --- [portfolioapp-prog5-resit] [    Test worker] org.hibernate.mapping.BasicValue         : Skipping column re-registration: application_user.role
2025-08-23T20:52:44.083+02:00 DEBUG 60489 --- [portfolioapp-prog5-resit] [    Test worker] o.h.boot.model.internal.PropertyBinder   : Building property role
2025-08-23T20:52:44.084+02:00 DEBUG 60489 --- [portfolioapp-prog5-resit] [    Test worker] o.h.boot.model.internal.AnnotatedColumn  : Binding column: AnnotatedColumn()
2025-08-23T20:52:44.084+02:00 DEBUG 60489 --- [portfolioapp-prog5-resit] [    Test worker] o.h.boot.model.internal.PropertyBinder   : MetadataSourceProcessor property username with lazy=false
2025-08-23T20:52:44.084+02:00 DEBUG 60489 --- [portfolioapp-prog5-resit] [    Test worker] o.h.b.m.internal.AbstractPropertyHolder  : Attempting to locate auto-apply AttributeConverter for property [com.example.portfolioappprog5resit.domain.AppUser:username]
2025-08-23T20:52:44.084+02:00 DEBUG 60489 --- [portfolioapp-prog5-resit] [    Test worker] o.h.b.model.internal.BasicValueBinder    : building BasicValue for username
2025-08-23T20:52:44.084+02:00 DEBUG 60489 --- [portfolioapp-prog5-resit] [    Test worker] org.hibernate.mapping.BasicValue         : Skipping column re-registration: application_user.username
2025-08-23T20:52:44.084+02:00 DEBUG 60489 --- [portfolioapp-prog5-resit] [    Test worker] o.h.boot.model.internal.PropertyBinder   : Building property username
2025-08-23T20:52:44.085+02:00 DEBUG 60489 --- [portfolioapp-prog5-resit] [    Test worker] o.h.b.r.c.i.ClassLoaderServiceImpl       : HHH000194: Package not found or no package-info.java: com.example.portfolioappprog5resit.domain
2025-08-23T20:52:44.086+02:00 DEBUG 60489 --- [portfolioapp-prog5-resit] [    Test worker] o.h.boot.model.internal.EntityBinder     : Binding entity from annotated class: com.example.portfolioappprog5resit.domain.BrokerageAccount
2025-08-23T20:52:44.087+02:00 DEBUG 60489 --- [portfolioapp-prog5-resit] [    Test worker] o.h.boot.model.internal.EntityBinder     : Import with entity name BrokerageAccount
2025-08-23T20:52:44.087+02:00 DEBUG 60489 --- [portfolioapp-prog5-resit] [    Test worker] o.h.boot.model.internal.EntityBinder     : Bind entity com.example.portfolioappprog5resit.domain.BrokerageAccount on table brokerage_accounts
2025-08-23T20:52:44.087+02:00 DEBUG 60489 --- [portfolioapp-prog5-resit] [    Test worker] o.h.boot.model.internal.AnnotatedColumn  : Binding column: AnnotatedDiscriminatorColumn(column='DTYPE')
2025-08-23T20:52:44.088+02:00 DEBUG 60489 --- [portfolioapp-prog5-resit] [    Test worker] o.h.boot.model.internal.AnnotatedColumn  : Binding column: AnnotatedColumn()
2025-08-23T20:52:44.089+02:00 DEBUG 60489 --- [portfolioapp-prog5-resit] [    Test worker] o.h.boot.internal.ClassLoaderAccessImpl  : Not known whether passed class name [com.example.portfolioappprog5resit.domain.BrokerageAccount] is safe
2025-08-23T20:52:44.089+02:00 DEBUG 60489 --- [portfolioapp-prog5-resit] [    Test worker] o.h.boot.internal.ClassLoaderAccessImpl  : No temp ClassLoader provided; using live ClassLoader for loading potentially unsafe class : com.example.portfolioappprog5resit.domain.BrokerageAccount
2025-08-23T20:52:44.089+02:00 DEBUG 60489 --- [portfolioapp-prog5-resit] [    Test worker] o.h.boot.model.internal.PropertyBinder   : MetadataSourceProcessor property id with lazy=false
2025-08-23T20:52:44.089+02:00 DEBUG 60489 --- [portfolioapp-prog5-resit] [    Test worker] o.h.b.m.internal.AbstractPropertyHolder  : Attempting to locate auto-apply AttributeConverter for property [com.example.portfolioappprog5resit.domain.BrokerageAccount:id]
2025-08-23T20:52:44.089+02:00 DEBUG 60489 --- [portfolioapp-prog5-resit] [    Test worker] o.h.b.model.internal.BasicValueBinder    : building BasicValue for id
2025-08-23T20:52:44.089+02:00 DEBUG 60489 --- [portfolioapp-prog5-resit] [    Test worker] org.hibernate.mapping.BasicValue         : Skipping column re-registration: brokerage_accounts.id
2025-08-23T20:52:44.089+02:00 DEBUG 60489 --- [portfolioapp-prog5-resit] [    Test worker] o.h.boot.model.internal.PropertyBinder   : Building property id
2025-08-23T20:52:44.089+02:00 DEBUG 60489 --- [portfolioapp-prog5-resit] [    Test worker] o.h.boot.model.internal.BinderHelper     : #makeIdGenerator(BasicValue([Column(id)]), id, identity, , ...)
2025-08-23T20:52:44.090+02:00 DEBUG 60489 --- [portfolioapp-prog5-resit] [    Test worker] o.h.boot.model.internal.AnnotatedColumn  : Binding column: AnnotatedColumn()
2025-08-23T20:52:44.090+02:00 DEBUG 60489 --- [portfolioapp-prog5-resit] [    Test worker] o.h.boot.model.internal.PropertyBinder   : MetadataSourceProcessor property accountNumber with lazy=false
2025-08-23T20:52:44.090+02:00 DEBUG 60489 --- [portfolioapp-prog5-resit] [    Test worker] o.h.b.m.internal.AbstractPropertyHolder  : Attempting to locate auto-apply AttributeConverter for property [com.example.portfolioappprog5resit.domain.BrokerageAccount:accountNumber]
2025-08-23T20:52:44.090+02:00 DEBUG 60489 --- [portfolioapp-prog5-resit] [    Test worker] o.h.b.model.internal.BasicValueBinder    : building BasicValue for accountNumber
2025-08-23T20:52:44.090+02:00 DEBUG 60489 --- [portfolioapp-prog5-resit] [    Test worker] org.hibernate.mapping.BasicValue         : Skipping column re-registration: brokerage_accounts.account_number
2025-08-23T20:52:44.090+02:00 DEBUG 60489 --- [portfolioapp-prog5-resit] [    Test worker] o.h.boot.model.internal.PropertyBinder   : Building property accountNumber
2025-08-23T20:52:44.091+02:00 DEBUG 60489 --- [portfolioapp-prog5-resit] [    Test worker] o.h.boot.model.internal.AnnotatedColumn  : Binding column: AnnotatedColumn()
2025-08-23T20:52:44.091+02:00 DEBUG 60489 --- [portfolioapp-prog5-resit] [    Test worker] o.h.boot.model.internal.PropertyBinder   : MetadataSourceProcessor property accountType with lazy=false
2025-08-23T20:52:44.091+02:00 DEBUG 60489 --- [portfolioapp-prog5-resit] [    Test worker] o.h.b.m.internal.AbstractPropertyHolder  : Attempting to locate auto-apply AttributeConverter for property [com.example.portfolioappprog5resit.domain.BrokerageAccount:accountType]
2025-08-23T20:52:44.091+02:00 DEBUG 60489 --- [portfolioapp-prog5-resit] [    Test worker] o.h.b.model.internal.BasicValueBinder    : building BasicValue for accountType
2025-08-23T20:52:44.091+02:00 DEBUG 60489 --- [portfolioapp-prog5-resit] [    Test worker] org.hibernate.mapping.BasicValue         : Skipping column re-registration: brokerage_accounts.account_type
2025-08-23T20:52:44.091+02:00 DEBUG 60489 --- [portfolioapp-prog5-resit] [    Test worker] o.h.boot.model.internal.PropertyBinder   : Building property accountType
2025-08-23T20:52:44.092+02:00 DEBUG 60489 --- [portfolioapp-prog5-resit] [    Test worker] o.h.boot.model.internal.AnnotatedColumn  : Binding column: AnnotatedColumn()
2025-08-23T20:52:44.092+02:00 DEBUG 60489 --- [portfolioapp-prog5-resit] [    Test worker] o.h.boot.model.internal.PropertyBinder   : MetadataSourceProcessor property balance with lazy=false
2025-08-23T20:52:44.092+02:00 DEBUG 60489 --- [portfolioapp-prog5-resit] [    Test worker] o.h.b.m.internal.AbstractPropertyHolder  : Attempting to locate auto-apply AttributeConverter for property [com.example.portfolioappprog5resit.domain.BrokerageAccount:balance]
2025-08-23T20:52:44.092+02:00 DEBUG 60489 --- [portfolioapp-prog5-resit] [    Test worker] o.h.b.model.internal.BasicValueBinder    : building BasicValue for balance
2025-08-23T20:52:44.092+02:00 DEBUG 60489 --- [portfolioapp-prog5-resit] [    Test worker] org.hibernate.mapping.BasicValue         : Skipping column re-registration: brokerage_accounts.balance
2025-08-23T20:52:44.092+02:00 DEBUG 60489 --- [portfolioapp-prog5-resit] [    Test worker] o.h.boot.model.internal.PropertyBinder   : Building property balance
2025-08-23T20:52:44.092+02:00 DEBUG 60489 --- [portfolioapp-prog5-resit] [    Test worker] o.h.boot.model.internal.AnnotatedColumn  : Binding column: AnnotatedColumn()
2025-08-23T20:52:44.093+02:00 DEBUG 60489 --- [portfolioapp-prog5-resit] [    Test worker] o.h.boot.model.internal.PropertyBinder   : MetadataSourceProcessor property creationDate with lazy=false
2025-08-23T20:52:44.093+02:00 DEBUG 60489 --- [portfolioapp-prog5-resit] [    Test worker] o.h.b.m.internal.AbstractPropertyHolder  : Attempting to locate auto-apply AttributeConverter for property [com.example.portfolioappprog5resit.domain.BrokerageAccount:creationDate]
2025-08-23T20:52:44.093+02:00 DEBUG 60489 --- [portfolioapp-prog5-resit] [    Test worker] o.h.b.model.internal.BasicValueBinder    : building BasicValue for creationDate
2025-08-23T20:52:44.093+02:00 DEBUG 60489 --- [portfolioapp-prog5-resit] [    Test worker] org.hibernate.mapping.BasicValue         : Skipping column re-registration: brokerage_accounts.creation_date
2025-08-23T20:52:44.093+02:00 DEBUG 60489 --- [portfolioapp-prog5-resit] [    Test worker] o.h.boot.model.internal.PropertyBinder   : Building property creationDate
2025-08-23T20:52:44.093+02:00 DEBUG 60489 --- [portfolioapp-prog5-resit] [    Test worker] o.h.boot.model.internal.AnnotatedColumn  : Binding column: AnnotatedJoinColumn(column='investor_id')
2025-08-23T20:52:44.093+02:00 DEBUG 60489 --- [portfolioapp-prog5-resit] [    Test worker] o.h.boot.model.internal.AnnotatedColumn  : Binding column: AnnotatedColumn()
2025-08-23T20:52:44.094+02:00 DEBUG 60489 --- [portfolioapp-prog5-resit] [    Test worker] o.h.boot.model.internal.PropertyBinder   : Building property investor
2025-08-23T20:52:44.094+02:00 DEBUG 60489 --- [portfolioapp-prog5-resit] [    Test worker] o.h.boot.model.internal.AnnotatedColumn  : Binding column: IndexColumn(column='stocks_ORDER')
2025-08-23T20:52:44.094+02:00 DEBUG 60489 --- [portfolioapp-prog5-resit] [    Test worker] o.h.boot.model.internal.AnnotatedColumn  : Binding column: AnnotatedColumn()
2025-08-23T20:52:44.095+02:00 DEBUG 60489 --- [portfolioapp-prog5-resit] [    Test worker] o.h.boot.model.internal.AnnotatedColumn  : Binding column: AnnotatedColumn(column='stocks_KEY')
2025-08-23T20:52:44.095+02:00 DEBUG 60489 --- [portfolioapp-prog5-resit] [    Test worker] o.h.boot.model.internal.AnnotatedColumn  : Binding column: AnnotatedJoinColumn(column='stocks_KEY')
2025-08-23T20:52:44.095+02:00 DEBUG 60489 --- [portfolioapp-prog5-resit] [    Test worker] o.h.boot.model.internal.AnnotatedColumn  : Binding column: AnnotatedJoinColumn(column='account_id')
2025-08-23T20:52:44.095+02:00 DEBUG 60489 --- [portfolioapp-prog5-resit] [    Test worker] o.h.boot.model.internal.AnnotatedColumn  : Binding column: AnnotatedJoinColumn(column='stock_id')
2025-08-23T20:52:44.095+02:00 DEBUG 60489 --- [portfolioapp-prog5-resit] [    Test worker] o.h.b.model.internal.CollectionBinder    : Collection role: com.example.portfolioappprog5resit.domain.BrokerageAccount.stocks
2025-08-23T20:52:44.095+02:00 DEBUG 60489 --- [portfolioapp-prog5-resit] [    Test worker] o.h.boot.model.internal.PropertyBinder   : Building property stocks
2025-08-23T20:52:44.096+02:00 DEBUG 60489 --- [portfolioapp-prog5-resit] [    Test worker] o.h.b.r.c.i.ClassLoaderServiceImpl       : HHH000194: Package not found or no package-info.java: com.example.portfolioappprog5resit.domain
2025-08-23T20:52:44.097+02:00 DEBUG 60489 --- [portfolioapp-prog5-resit] [    Test worker] o.h.boot.model.internal.EntityBinder     : Binding entity from annotated class: com.example.portfolioappprog5resit.domain.Investor
2025-08-23T20:52:44.097+02:00 DEBUG 60489 --- [portfolioapp-prog5-resit] [    Test worker] o.h.boot.model.internal.EntityBinder     : Import with entity name Investor
2025-08-23T20:52:44.097+02:00 DEBUG 60489 --- [portfolioapp-prog5-resit] [    Test worker] o.h.boot.model.internal.EntityBinder     : Bind entity com.example.portfolioappprog5resit.domain.Investor on table investors
2025-08-23T20:52:44.098+02:00 DEBUG 60489 --- [portfolioapp-prog5-resit] [    Test worker] o.h.boot.model.internal.AnnotatedColumn  : Binding column: AnnotatedDiscriminatorColumn(column='DTYPE')
2025-08-23T20:52:44.099+02:00 DEBUG 60489 --- [portfolioapp-prog5-resit] [    Test worker] o.h.boot.model.internal.AnnotatedColumn  : Binding column: AnnotatedColumn()
2025-08-23T20:52:44.099+02:00 DEBUG 60489 --- [portfolioapp-prog5-resit] [    Test worker] o.h.boot.internal.ClassLoaderAccessImpl  : Not known whether passed class name [com.example.portfolioappprog5resit.domain.Investor] is safe
2025-08-23T20:52:44.099+02:00 DEBUG 60489 --- [portfolioapp-prog5-resit] [    Test worker] o.h.boot.internal.ClassLoaderAccessImpl  : No temp ClassLoader provided; using live ClassLoader for loading potentially unsafe class : com.example.portfolioappprog5resit.domain.Investor
2025-08-23T20:52:44.099+02:00 DEBUG 60489 --- [portfolioapp-prog5-resit] [    Test worker] o.h.boot.model.internal.PropertyBinder   : MetadataSourceProcessor property id with lazy=false
2025-08-23T20:52:44.099+02:00 DEBUG 60489 --- [portfolioapp-prog5-resit] [    Test worker] o.h.b.m.internal.AbstractPropertyHolder  : Attempting to locate auto-apply AttributeConverter for property [com.example.portfolioappprog5resit.domain.Investor:id]
2025-08-23T20:52:44.099+02:00 DEBUG 60489 --- [portfolioapp-prog5-resit] [    Test worker] o.h.b.model.internal.BasicValueBinder    : building BasicValue for id
2025-08-23T20:52:44.099+02:00 DEBUG 60489 --- [portfolioapp-prog5-resit] [    Test worker] org.hibernate.mapping.BasicValue         : Skipping column re-registration: investors.id
2025-08-23T20:52:44.099+02:00 DEBUG 60489 --- [portfolioapp-prog5-resit] [    Test worker] o.h.boot.model.internal.PropertyBinder   : Building property id
2025-08-23T20:52:44.100+02:00 DEBUG 60489 --- [portfolioapp-prog5-resit] [    Test worker] o.h.boot.model.internal.BinderHelper     : #makeIdGenerator(BasicValue([Column(id)]), id, identity, , ...)
2025-08-23T20:52:44.100+02:00 DEBUG 60489 --- [portfolioapp-prog5-resit] [    Test worker] o.h.boot.model.internal.AnnotatedColumn  : Binding column: AnnotatedJoinColumn()
2025-08-23T20:52:44.100+02:00 DEBUG 60489 --- [portfolioapp-prog5-resit] [    Test worker] o.h.boot.model.internal.AnnotatedColumn  : Binding column: AnnotatedColumn()
2025-08-23T20:52:44.100+02:00 DEBUG 60489 --- [portfolioapp-prog5-resit] [    Test worker] o.h.boot.model.internal.AnnotatedColumn  : Binding column: IndexColumn(column='accounts_ORDER')
2025-08-23T20:52:44.100+02:00 DEBUG 60489 --- [portfolioapp-prog5-resit] [    Test worker] o.h.boot.model.internal.AnnotatedColumn  : Binding column: AnnotatedColumn()
2025-08-23T20:52:44.101+02:00 DEBUG 60489 --- [portfolioapp-prog5-resit] [    Test worker] o.h.boot.model.internal.AnnotatedColumn  : Binding column: AnnotatedColumn(column='accounts_KEY')
2025-08-23T20:52:44.101+02:00 DEBUG 60489 --- [portfolioapp-prog5-resit] [    Test worker] o.h.boot.model.internal.AnnotatedColumn  : Binding column: AnnotatedJoinColumn(column='accounts_KEY')
2025-08-23T20:52:44.101+02:00 DEBUG 60489 --- [portfolioapp-prog5-resit] [    Test worker] o.h.boot.model.internal.AnnotatedColumn  : Binding column: AnnotatedJoinColumn()
2025-08-23T20:52:44.101+02:00 DEBUG 60489 --- [portfolioapp-prog5-resit] [    Test worker] o.h.boot.model.internal.AnnotatedColumn  : Binding column: AnnotatedJoinColumn()
2025-08-23T20:52:44.101+02:00 DEBUG 60489 --- [portfolioapp-prog5-resit] [    Test worker] o.h.b.model.internal.CollectionBinder    : Collection role: com.example.portfolioappprog5resit.domain.Investor.accounts
2025-08-23T20:52:44.101+02:00 DEBUG 60489 --- [portfolioapp-prog5-resit] [    Test worker] o.h.boot.model.internal.PropertyBinder   : Building property accounts
2025-08-23T20:52:44.101+02:00 DEBUG 60489 --- [portfolioapp-prog5-resit] [    Test worker] o.h.boot.model.internal.AnnotatedColumn  : Binding column: AnnotatedColumn()
2025-08-23T20:52:44.102+02:00 DEBUG 60489 --- [portfolioapp-prog5-resit] [    Test worker] o.h.boot.model.internal.PropertyBinder   : MetadataSourceProcessor property birthDate with lazy=false
2025-08-23T20:52:44.102+02:00 DEBUG 60489 --- [portfolioapp-prog5-resit] [    Test worker] o.h.b.m.internal.AbstractPropertyHolder  : Attempting to locate auto-apply AttributeConverter for property [com.example.portfolioappprog5resit.domain.Investor:birthDate]
2025-08-23T20:52:44.102+02:00 DEBUG 60489 --- [portfolioapp-prog5-resit] [    Test worker] o.h.b.model.internal.BasicValueBinder    : building BasicValue for birthDate
2025-08-23T20:52:44.102+02:00 DEBUG 60489 --- [portfolioapp-prog5-resit] [    Test worker] org.hibernate.mapping.BasicValue         : Skipping column re-registration: investors.birth_date
2025-08-23T20:52:44.102+02:00 DEBUG 60489 --- [portfolioapp-prog5-resit] [    Test worker] o.h.boot.model.internal.PropertyBinder   : Building property birthDate
2025-08-23T20:52:44.102+02:00 DEBUG 60489 --- [portfolioapp-prog5-resit] [    Test worker] o.h.boot.model.internal.AnnotatedColumn  : Binding column: AnnotatedColumn()
2025-08-23T20:52:44.103+02:00 DEBUG 60489 --- [portfolioapp-prog5-resit] [    Test worker] o.h.boot.model.internal.PropertyBinder   : MetadataSourceProcessor property contactDetails with lazy=false
2025-08-23T20:52:44.103+02:00 DEBUG 60489 --- [portfolioapp-prog5-resit] [    Test worker] o.h.b.m.internal.AbstractPropertyHolder  : Attempting to locate auto-apply AttributeConverter for property [com.example.portfolioappprog5resit.domain.Investor:contactDetails]
2025-08-23T20:52:44.103+02:00 DEBUG 60489 --- [portfolioapp-prog5-resit] [    Test worker] o.h.b.model.internal.BasicValueBinder    : building BasicValue for contactDetails
2025-08-23T20:52:44.103+02:00 DEBUG 60489 --- [portfolioapp-prog5-resit] [    Test worker] org.hibernate.mapping.BasicValue         : Skipping column re-registration: investors.contact_details
2025-08-23T20:52:44.103+02:00 DEBUG 60489 --- [portfolioapp-prog5-resit] [    Test worker] o.h.boot.model.internal.PropertyBinder   : Building property contactDetails
2025-08-23T20:52:44.103+02:00 DEBUG 60489 --- [portfolioapp-prog5-resit] [    Test worker] o.h.boot.model.internal.AnnotatedColumn  : Binding column: AnnotatedColumn()
2025-08-23T20:52:44.103+02:00 DEBUG 60489 --- [portfolioapp-prog5-resit] [    Test worker] o.h.boot.model.internal.PropertyBinder   : MetadataSourceProcessor property name with lazy=false
2025-08-23T20:52:44.103+02:00 DEBUG 60489 --- [portfolioapp-prog5-resit] [    Test worker] o.h.b.m.internal.AbstractPropertyHolder  : Attempting to locate auto-apply AttributeConverter for property [com.example.portfolioappprog5resit.domain.Investor:name]
2025-08-23T20:52:44.103+02:00 DEBUG 60489 --- [portfolioapp-prog5-resit] [    Test worker] o.h.b.model.internal.BasicValueBinder    : building BasicValue for name
2025-08-23T20:52:44.103+02:00 DEBUG 60489 --- [portfolioapp-prog5-resit] [    Test worker] org.hibernate.mapping.BasicValue         : Skipping column re-registration: investors.name
2025-08-23T20:52:44.103+02:00 DEBUG 60489 --- [portfolioapp-prog5-resit] [    Test worker] o.h.boot.model.internal.PropertyBinder   : Building property name
2025-08-23T20:52:44.104+02:00 DEBUG 60489 --- [portfolioapp-prog5-resit] [    Test worker] o.h.boot.model.internal.AnnotatedColumn  : Binding column: AnnotatedColumn()
2025-08-23T20:52:44.104+02:00 DEBUG 60489 --- [portfolioapp-prog5-resit] [    Test worker] o.h.boot.model.internal.PropertyBinder   : MetadataSourceProcessor property riskProfile with lazy=false
2025-08-23T20:52:44.104+02:00 DEBUG 60489 --- [portfolioapp-prog5-resit] [    Test worker] o.h.b.m.internal.AbstractPropertyHolder  : Attempting to locate auto-apply AttributeConverter for property [com.example.portfolioappprog5resit.domain.Investor:riskProfile]
2025-08-23T20:52:44.104+02:00 DEBUG 60489 --- [portfolioapp-prog5-resit] [    Test worker] o.h.b.model.internal.BasicValueBinder    : building BasicValue for riskProfile
2025-08-23T20:52:44.104+02:00 DEBUG 60489 --- [portfolioapp-prog5-resit] [    Test worker] org.hibernate.mapping.BasicValue         : Skipping column re-registration: investors.risk_profile
2025-08-23T20:52:44.104+02:00 DEBUG 60489 --- [portfolioapp-prog5-resit] [    Test worker] o.h.boot.model.internal.PropertyBinder   : Building property riskProfile
2025-08-23T20:52:44.105+02:00 DEBUG 60489 --- [portfolioapp-prog5-resit] [    Test worker] o.h.b.r.c.i.ClassLoaderServiceImpl       : HHH000194: Package not found or no package-info.java: com.example.portfolioappprog5resit.domain
2025-08-23T20:52:44.105+02:00 DEBUG 60489 --- [portfolioapp-prog5-resit] [    Test worker] o.h.boot.model.internal.EntityBinder     : Binding entity from annotated class: com.example.portfolioappprog5resit.domain.Stock
2025-08-23T20:52:44.106+02:00 DEBUG 60489 --- [portfolioapp-prog5-resit] [    Test worker] o.h.boot.model.internal.EntityBinder     : Import with entity name Stock
2025-08-23T20:52:44.106+02:00 DEBUG 60489 --- [portfolioapp-prog5-resit] [    Test worker] o.h.boot.model.internal.EntityBinder     : Bind entity com.example.portfolioappprog5resit.domain.Stock on table stocks
2025-08-23T20:52:44.106+02:00 DEBUG 60489 --- [portfolioapp-prog5-resit] [    Test worker] o.h.boot.model.internal.AnnotatedColumn  : Binding column: AnnotatedDiscriminatorColumn(column='DTYPE')
2025-08-23T20:52:44.107+02:00 DEBUG 60489 --- [portfolioapp-prog5-resit] [    Test worker] o.h.boot.model.internal.AnnotatedColumn  : Binding column: AnnotatedColumn()
2025-08-23T20:52:44.107+02:00 DEBUG 60489 --- [portfolioapp-prog5-resit] [    Test worker] o.h.boot.internal.ClassLoaderAccessImpl  : Not known whether passed class name [com.example.portfolioappprog5resit.domain.Stock] is safe
2025-08-23T20:52:44.108+02:00 DEBUG 60489 --- [portfolioapp-prog5-resit] [    Test worker] o.h.boot.internal.ClassLoaderAccessImpl  : No temp ClassLoader provided; using live ClassLoader for loading potentially unsafe class : com.example.portfolioappprog5resit.domain.Stock
2025-08-23T20:52:44.108+02:00 DEBUG 60489 --- [portfolioapp-prog5-resit] [    Test worker] o.h.boot.model.internal.PropertyBinder   : MetadataSourceProcessor property id with lazy=false
2025-08-23T20:52:44.108+02:00 DEBUG 60489 --- [portfolioapp-prog5-resit] [    Test worker] o.h.b.m.internal.AbstractPropertyHolder  : Attempting to locate auto-apply AttributeConverter for property [com.example.portfolioappprog5resit.domain.Stock:id]
2025-08-23T20:52:44.108+02:00 DEBUG 60489 --- [portfolioapp-prog5-resit] [    Test worker] o.h.b.model.internal.BasicValueBinder    : building BasicValue for id
2025-08-23T20:52:44.108+02:00 DEBUG 60489 --- [portfolioapp-prog5-resit] [    Test worker] org.hibernate.mapping.BasicValue         : Skipping column re-registration: stocks.id
2025-08-23T20:52:44.108+02:00 DEBUG 60489 --- [portfolioapp-prog5-resit] [    Test worker] o.h.boot.model.internal.PropertyBinder   : Building property id
2025-08-23T20:52:44.108+02:00 DEBUG 60489 --- [portfolioapp-prog5-resit] [    Test worker] o.h.boot.model.internal.BinderHelper     : #makeIdGenerator(BasicValue([Column(id)]), id, identity, , ...)
2025-08-23T20:52:44.109+02:00 DEBUG 60489 --- [portfolioapp-prog5-resit] [    Test worker] o.h.boot.model.internal.AnnotatedColumn  : Binding column: IndexColumn(column='brokerageAccounts_ORDER')
2025-08-23T20:52:44.109+02:00 DEBUG 60489 --- [portfolioapp-prog5-resit] [    Test worker] o.h.boot.model.internal.AnnotatedColumn  : Binding column: AnnotatedColumn()
2025-08-23T20:52:44.109+02:00 DEBUG 60489 --- [portfolioapp-prog5-resit] [    Test worker] o.h.boot.model.internal.AnnotatedColumn  : Binding column: AnnotatedColumn(column='brokerageAccounts_KEY')
2025-08-23T20:52:44.109+02:00 DEBUG 60489 --- [portfolioapp-prog5-resit] [    Test worker] o.h.boot.model.internal.AnnotatedColumn  : Binding column: AnnotatedJoinColumn(column='brokerageAccounts_KEY')
2025-08-23T20:52:44.109+02:00 DEBUG 60489 --- [portfolioapp-prog5-resit] [    Test worker] o.h.boot.model.internal.AnnotatedColumn  : Binding column: AnnotatedJoinColumn()
2025-08-23T20:52:44.109+02:00 DEBUG 60489 --- [portfolioapp-prog5-resit] [    Test worker] o.h.boot.model.internal.AnnotatedColumn  : Binding column: AnnotatedJoinColumn()
2025-08-23T20:52:44.109+02:00 DEBUG 60489 --- [portfolioapp-prog5-resit] [    Test worker] o.h.b.model.internal.CollectionBinder    : Collection role: com.example.portfolioappprog5resit.domain.Stock.brokerageAccounts
2025-08-23T20:52:44.110+02:00 DEBUG 60489 --- [portfolioapp-prog5-resit] [    Test worker] o.h.boot.model.internal.PropertyBinder   : Building property brokerageAccounts
2025-08-23T20:52:44.110+02:00 DEBUG 60489 --- [portfolioapp-prog5-resit] [    Test worker] o.h.boot.model.internal.AnnotatedColumn  : Binding column: AnnotatedColumn()
2025-08-23T20:52:44.110+02:00 DEBUG 60489 --- [portfolioapp-prog5-resit] [    Test worker] o.h.boot.model.internal.PropertyBinder   : MetadataSourceProcessor property companyName with lazy=false
2025-08-23T20:52:44.110+02:00 DEBUG 60489 --- [portfolioapp-prog5-resit] [    Test worker] o.h.b.m.internal.AbstractPropertyHolder  : Attempting to locate auto-apply AttributeConverter for property [com.example.portfolioappprog5resit.domain.Stock:companyName]
2025-08-23T20:52:44.110+02:00 DEBUG 60489 --- [portfolioapp-prog5-resit] [    Test worker] o.h.b.model.internal.BasicValueBinder    : building BasicValue for companyName
2025-08-23T20:52:44.110+02:00 DEBUG 60489 --- [portfolioapp-prog5-resit] [    Test worker] org.hibernate.mapping.BasicValue         : Skipping column re-registration: stocks.company_name
2025-08-23T20:52:44.110+02:00 DEBUG 60489 --- [portfolioapp-prog5-resit] [    Test worker] o.h.boot.model.internal.PropertyBinder   : Building property companyName
2025-08-23T20:52:44.111+02:00 DEBUG 60489 --- [portfolioapp-prog5-resit] [    Test worker] o.h.boot.model.internal.AnnotatedColumn  : Binding column: AnnotatedJoinColumn(column='created_by_user_id')
2025-08-23T20:52:44.111+02:00 DEBUG 60489 --- [portfolioapp-prog5-resit] [    Test worker] o.h.boot.model.internal.AnnotatedColumn  : Binding column: AnnotatedColumn()
2025-08-23T20:52:44.111+02:00 DEBUG 60489 --- [portfolioapp-prog5-resit] [    Test worker] o.h.boot.model.internal.PropertyBinder   : Building property createdBy
2025-08-23T20:52:44.112+02:00 DEBUG 60489 --- [portfolioapp-prog5-resit] [    Test worker] o.h.boot.model.internal.AnnotatedColumn  : Binding column: AnnotatedColumn()
2025-08-23T20:52:44.112+02:00 DEBUG 60489 --- [portfolioapp-prog5-resit] [    Test worker] o.h.boot.model.internal.PropertyBinder   : MetadataSourceProcessor property currentPrice with lazy=false
2025-08-23T20:52:44.112+02:00 DEBUG 60489 --- [portfolioapp-prog5-resit] [    Test worker] o.h.b.m.internal.AbstractPropertyHolder  : Attempting to locate auto-apply AttributeConverter for property [com.example.portfolioappprog5resit.domain.Stock:currentPrice]
2025-08-23T20:52:44.112+02:00 DEBUG 60489 --- [portfolioapp-prog5-resit] [    Test worker] o.h.b.model.internal.BasicValueBinder    : building BasicValue for currentPrice
2025-08-23T20:52:44.112+02:00 DEBUG 60489 --- [portfolioapp-prog5-resit] [    Test worker] org.hibernate.mapping.BasicValue         : Skipping column re-registration: stocks.current_price
2025-08-23T20:52:44.112+02:00 DEBUG 60489 --- [portfolioapp-prog5-resit] [    Test worker] o.h.boot.model.internal.PropertyBinder   : Building property currentPrice
2025-08-23T20:52:44.113+02:00 DEBUG 60489 --- [portfolioapp-prog5-resit] [    Test worker] o.h.boot.model.internal.AnnotatedColumn  : Binding column: AnnotatedColumn(column='image_url')
2025-08-23T20:52:44.113+02:00 DEBUG 60489 --- [portfolioapp-prog5-resit] [    Test worker] o.h.boot.model.internal.PropertyBinder   : MetadataSourceProcessor property imageURL with lazy=false
2025-08-23T20:52:44.113+02:00 DEBUG 60489 --- [portfolioapp-prog5-resit] [    Test worker] o.h.b.m.internal.AbstractPropertyHolder  : Attempting to locate auto-apply AttributeConverter for property [com.example.portfolioappprog5resit.domain.Stock:imageURL]
2025-08-23T20:52:44.114+02:00 DEBUG 60489 --- [portfolioapp-prog5-resit] [    Test worker] o.h.b.model.internal.BasicValueBinder    : building BasicValue for imageURL
2025-08-23T20:52:44.114+02:00 DEBUG 60489 --- [portfolioapp-prog5-resit] [    Test worker] org.hibernate.mapping.BasicValue         : Skipping column re-registration: stocks.image_url
2025-08-23T20:52:44.114+02:00 DEBUG 60489 --- [portfolioapp-prog5-resit] [    Test worker] o.h.boot.model.internal.PropertyBinder   : Building property imageURL
2025-08-23T20:52:44.114+02:00 DEBUG 60489 --- [portfolioapp-prog5-resit] [    Test worker] o.h.boot.model.internal.AnnotatedColumn  : Binding column: AnnotatedColumn()
2025-08-23T20:52:44.114+02:00 DEBUG 60489 --- [portfolioapp-prog5-resit] [    Test worker] o.h.boot.model.internal.PropertyBinder   : MetadataSourceProcessor property listedDate with lazy=false
[...]
2025-08-23T20:52:45.732+02:00 DEBUG 60489 --- [portfolioapp-prog5-resit] [    Test worker] o.h.e.t.internal.TransactionImpl         : On TransactionImpl creation, JpaCompliance#isJpaTransactionComplianceEnabled == false
2025-08-23T20:52:45.732+02:00 DEBUG 60489 --- [portfolioapp-prog5-resit] [    Test worker] o.h.e.t.internal.TransactionImpl         : begin
2025-08-23T20:52:45.732+02:00 DEBUG 60489 --- [portfolioapp-prog5-resit] [    Test worker] o.s.orm.jpa.JpaTransactionManager        : Exposing JPA transaction as JDBC [org.springframework.orm.jpa.vendor.HibernateJpaDialect$HibernateConnectionHandle@2b638e54]
2025-08-23T20:52:45.737+02:00 DEBUG 60489 --- [portfolioapp-prog5-resit] [    Test worker] o.s.orm.jpa.JpaTransactionManager        : Found thread-bound EntityManager [SessionImpl(1633345274<open>)] for JPA transaction
2025-08-23T20:52:45.737+02:00 DEBUG 60489 --- [portfolioapp-prog5-resit] [    Test worker] o.s.orm.jpa.JpaTransactionManager        : Participating in existing transaction
2025-08-23T20:52:45.738+02:00 DEBUG 60489 --- [portfolioapp-prog5-resit] [    Test worker] o.h.j.internal.PersistenceUnitUtilImpl   : jakarta.persistence.PersistenceUnitUtil.getIdentifier is only intended to work with enhanced entities (although Hibernate also adapts this support to its proxies); however the passed entity was not enhanced (nor a proxy).. may not be able to read identifier
2025-08-23T20:52:45.738+02:00 DEBUG 60489 --- [portfolioapp-prog5-resit] [    Test worker] org.hibernate.engine.spi.ActionQueue     : Executing identity-insert immediately
2025-08-23T20:52:45.739+02:00 DEBUG 60489 --- [portfolioapp-prog5-resit] [    Test worker] org.hibernate.SQL                        : insert into application_user (password_hash,role,username,id) values (?,?,?,default)
2025-08-23T20:52:45.740+02:00 DEBUG 60489 --- [portfolioapp-prog5-resit] [    Test worker] org.hibernate.orm.results                : Initializer list is empty
2025-08-23T20:52:45.740+02:00 DEBUG 60489 --- [portfolioapp-prog5-resit] [    Test worker] o.h.id.IdentifierGeneratorHelper         : Extracted generated values [com.example.portfolioappprog5resit.domain.AppUser]: [Ljava.lang.Object;@53150f27
2025-08-23T20:52:45.740+02:00 DEBUG 60489 --- [portfolioapp-prog5-resit] [    Test worker] o.s.orm.jpa.JpaTransactionManager        : Found thread-bound EntityManager [SessionImpl(1633345274<open>)] for JPA transaction
2025-08-23T20:52:45.740+02:00 DEBUG 60489 --- [portfolioapp-prog5-resit] [    Test worker] o.s.orm.jpa.JpaTransactionManager        : Participating in existing transaction
2025-08-23T20:52:45.740+02:00 DEBUG 60489 --- [portfolioapp-prog5-resit] [    Test worker] o.h.j.internal.PersistenceUnitUtilImpl   : jakarta.persistence.PersistenceUnitUtil.getIdentifier is only intended to work with enhanced entities (although Hibernate also adapts this support to its proxies); however the passed entity was not enhanced (nor a proxy).. may not be able to read identifier
2025-08-23T20:52:45.741+02:00 DEBUG 60489 --- [portfolioapp-prog5-resit] [    Test worker] org.hibernate.engine.spi.ActionQueue     : Executing identity-insert immediately
2025-08-23T20:52:45.741+02:00 DEBUG 60489 --- [portfolioapp-prog5-resit] [    Test worker] org.hibernate.SQL                        : insert into application_user (password_hash,role,username,id) values (?,?,?,default)
2025-08-23T20:52:45.742+02:00 DEBUG 60489 --- [portfolioapp-prog5-resit] [    Test worker] org.hibernate.orm.results                : Initializer list is empty
2025-08-23T20:52:45.742+02:00 DEBUG 60489 --- [portfolioapp-prog5-resit] [    Test worker] o.h.id.IdentifierGeneratorHelper         : Extracted generated values [com.example.portfolioappprog5resit.domain.AppUser]: [Ljava.lang.Object;@6742e276
2025-08-23T20:52:45.742+02:00 DEBUG 60489 --- [portfolioapp-prog5-resit] [    Test worker] o.s.orm.jpa.JpaTransactionManager        : Found thread-bound EntityManager [SessionImpl(1633345274<open>)] for JPA transaction
2025-08-23T20:52:45.742+02:00 DEBUG 60489 --- [portfolioapp-prog5-resit] [    Test worker] o.s.orm.jpa.JpaTransactionManager        : Participating in existing transaction
2025-08-23T20:52:45.742+02:00 DEBUG 60489 --- [portfolioapp-prog5-resit] [    Test worker] o.h.j.internal.PersistenceUnitUtilImpl   : jakarta.persistence.PersistenceUnitUtil.getIdentifier is only intended to work with enhanced entities (although Hibernate also adapts this support to its proxies); however the passed entity was not enhanced (nor a proxy).. may not be able to read identifier
2025-08-23T20:52:45.743+02:00 DEBUG 60489 --- [portfolioapp-prog5-resit] [    Test worker] org.hibernate.engine.spi.ActionQueue     : Executing identity-insert immediately
2025-08-23T20:52:45.743+02:00 DEBUG 60489 --- [portfolioapp-prog5-resit] [    Test worker] org.hibernate.SQL                        : insert into application_user (password_hash,role,username,id) values (?,?,?,default)
2025-08-23T20:52:45.744+02:00 DEBUG 60489 --- [portfolioapp-prog5-resit] [    Test worker] org.hibernate.orm.results                : Initializer list is empty
2025-08-23T20:52:45.744+02:00 DEBUG 60489 --- [portfolioapp-prog5-resit] [    Test worker] o.h.id.IdentifierGeneratorHelper         : Extracted generated values [com.example.portfolioappprog5resit.domain.AppUser]: [Ljava.lang.Object;@798d2375
2025-08-23T20:52:45.745+02:00 DEBUG 60489 --- [portfolioapp-prog5-resit] [    Test worker] o.s.orm.jpa.JpaTransactionManager        : Found thread-bound EntityManager [SessionImpl(1633345274<open>)] for JPA transaction
2025-08-23T20:52:45.745+02:00 DEBUG 60489 --- [portfolioapp-prog5-resit] [    Test worker] o.s.orm.jpa.JpaTransactionManager        : Participating in existing transaction
2025-08-23T20:52:45.745+02:00 DEBUG 60489 --- [portfolioapp-prog5-resit] [    Test worker] o.h.j.internal.PersistenceUnitUtilImpl   : jakarta.persistence.PersistenceUnitUtil.getIdentifier is only intended to work with enhanced entities (although Hibernate also adapts this support to its proxies); however the passed entity was not enhanced (nor a proxy).. may not be able to read identifier
2025-08-23T20:52:45.745+02:00 DEBUG 60489 --- [portfolioapp-prog5-resit] [    Test worker] org.hibernate.engine.spi.ActionQueue     : Executing identity-insert immediately
2025-08-23T20:52:45.745+02:00 DEBUG 60489 --- [portfolioapp-prog5-resit] [    Test worker] org.hibernate.SQL                        : insert into stocks (company_name,created_by_user_id,current_price,image_url,listed_date,sector,symbol,id) values (?,?,?,?,?,?,?,default)
2025-08-23T20:52:45.746+02:00 DEBUG 60489 --- [portfolioapp-prog5-resit] [    Test worker] org.hibernate.orm.results                : Initializer list is empty
2025-08-23T20:52:45.746+02:00 DEBUG 60489 --- [portfolioapp-prog5-resit] [    Test worker] o.h.id.IdentifierGeneratorHelper         : Extracted generated values [com.example.portfolioappprog5resit.domain.Stock]: [Ljava.lang.Object;@3075e022
2025-08-23T20:52:45.747+02:00 DEBUG 60489 --- [portfolioapp-prog5-resit] [    Test worker] o.s.orm.jpa.JpaTransactionManager        : Found thread-bound EntityManager [SessionImpl(1633345274<open>)] for JPA transaction
2025-08-23T20:52:45.747+02:00 DEBUG 60489 --- [portfolioapp-prog5-resit] [    Test worker] o.s.orm.jpa.JpaTransactionManager        : Participating in existing transaction
2025-08-23T20:52:45.747+02:00 DEBUG 60489 --- [portfolioapp-prog5-resit] [    Test worker] o.h.e.i.AbstractFlushingEventListener    : Processing flush-time cascades
2025-08-23T20:52:45.748+02:00 DEBUG 60489 --- [portfolioapp-prog5-resit] [    Test worker] o.h.e.i.AbstractFlushingEventListener    : Dirty checking collections
2025-08-23T20:52:45.748+02:00 DEBUG 60489 --- [portfolioapp-prog5-resit] [    Test worker] o.hibernate.engine.internal.Collections  : Collection found: [com.example.portfolioappprog5resit.domain.AppUser.createdStocks#13], was: [<unreferenced>] (initialized)
2025-08-23T20:52:45.748+02:00 DEBUG 60489 --- [portfolioapp-prog5-resit] [    Test worker] o.hibernate.engine.internal.Collections  : Collection found: [com.example.portfolioappprog5resit.domain.AppUser.createdStocks#14], was: [<unreferenced>] (initialized)
2025-08-23T20:52:45.749+02:00 DEBUG 60489 --- [portfolioapp-prog5-resit] [    Test worker] o.hibernate.engine.internal.Collections  : Collection found: [com.example.portfolioappprog5resit.domain.AppUser.createdStocks#15], was: [<unreferenced>] (initialized)
2025-08-23T20:52:45.749+02:00 DEBUG 60489 --- [portfolioapp-prog5-resit] [    Test worker] o.hibernate.engine.internal.Collections  : Collection found: [com.example.portfolioappprog5resit.domain.Stock.brokerageAccounts#4], was: [<unreferenced>] (initialized)
2025-08-23T20:52:45.749+02:00 DEBUG 60489 --- [portfolioapp-prog5-resit] [    Test worker] o.h.e.i.AbstractFlushingEventListener    : Flushed: 0 insertions, 0 updates, 0 deletions to 4 objects
2025-08-23T20:52:45.749+02:00 DEBUG 60489 --- [portfolioapp-prog5-resit] [    Test worker] o.h.e.i.AbstractFlushingEventListener    : Flushed: 4 (re)creations, 0 updates, 0 removals to 4 collections
2025-08-23T20:52:45.749+02:00 DEBUG 60489 --- [portfolioapp-prog5-resit] [    Test worker] o.hibernate.internal.util.EntityPrinter  : Listing entities:
2025-08-23T20:52:45.749+02:00 DEBUG 60489 --- [portfolioapp-prog5-resit] [    Test worker] o.hibernate.internal.util.EntityPrinter  : com.example.portfolioappprog5resit.domain.AppUser{createdStocks=[], role=ROLE_USER, id=15, passwordHash={noop}x, username=stranger}
2025-08-23T20:52:45.749+02:00 DEBUG 60489 --- [portfolioapp-prog5-resit] [    Test worker] o.hibernate.internal.util.EntityPrinter  : com.example.portfolioappprog5resit.domain.Stock{symbol=GOOG, createdBy=com.example.portfolioappprog5resit.domain.AppUser#14, brokerageAccounts=[], companyName=Alphabet, imageURL=null, currentPrice=130.0, listedDate=2025-08-23, id=4, sector=TECHNOLOGIES}
2025-08-23T20:52:45.749+02:00 DEBUG 60489 --- [portfolioapp-prog5-resit] [    Test worker] o.hibernate.internal.util.EntityPrinter  : com.example.portfolioappprog5resit.domain.AppUser{createdStocks=[], role=ROLE_ADMIN, id=13, passwordHash={noop}x, username=admin}
2025-08-23T20:52:45.749+02:00 DEBUG 60489 --- [portfolioapp-prog5-resit] [    Test worker] o.hibernate.internal.util.EntityPrinter  : com.example.portfolioappprog5resit.domain.AppUser{createdStocks=[], role=ROLE_USER, id=14, passwordHash={noop}x, username=owner}
2025-08-23T20:52:45.749+02:00 DEBUG 60489 --- [portfolioapp-prog5-resit] [    Test worker] o.h.e.i.AbstractFlushingEventListener    : Processing flush-time cascades
2025-08-23T20:52:45.750+02:00 DEBUG 60489 --- [portfolioapp-prog5-resit] [    Test worker] o.h.e.i.AbstractFlushingEventListener    : Dirty checking collections
2025-08-23T20:52:45.750+02:00 DEBUG 60489 --- [portfolioapp-prog5-resit] [    Test worker] o.hibernate.engine.internal.Collections  : Collection found: [com.example.portfolioappprog5resit.domain.AppUser.createdStocks#13], was: [com.example.portfolioappprog5resit.domain.AppUser.createdStocks#13] (initialized)
2025-08-23T20:52:45.750+02:00 DEBUG 60489 --- [portfolioapp-prog5-resit] [    Test worker] o.hibernate.engine.internal.Collections  : Collection found: [com.example.portfolioappprog5resit.domain.AppUser.createdStocks#14], was: [com.example.portfolioappprog5resit.domain.AppUser.createdStocks#14] (initialized)
2025-08-23T20:52:45.750+02:00 DEBUG 60489 --- [portfolioapp-prog5-resit] [    Test worker] o.hibernate.engine.internal.Collections  : Collection found: [com.example.portfolioappprog5resit.domain.AppUser.createdStocks#15], was: [com.example.portfolioappprog5resit.domain.AppUser.createdStocks#15] (initialized)
2025-08-23T20:52:45.750+02:00 DEBUG 60489 --- [portfolioapp-prog5-resit] [    Test worker] o.hibernate.engine.internal.Collections  : Collection found: [com.example.portfolioappprog5resit.domain.Stock.brokerageAccounts#4], was: [com.example.portfolioappprog5resit.domain.Stock.brokerageAccounts#4] (initialized)
2025-08-23T20:52:45.750+02:00 DEBUG 60489 --- [portfolioapp-prog5-resit] [    Test worker] o.h.e.i.AbstractFlushingEventListener    : Flushed: 0 insertions, 0 updates, 0 deletions to 4 objects
2025-08-23T20:52:45.750+02:00 DEBUG 60489 --- [portfolioapp-prog5-resit] [    Test worker] o.h.e.i.AbstractFlushingEventListener    : Flushed: 0 (re)creations, 0 updates, 0 removals to 4 collections
2025-08-23T20:52:45.750+02:00 DEBUG 60489 --- [portfolioapp-prog5-resit] [    Test worker] o.hibernate.internal.util.EntityPrinter  : Listing entities:
2025-08-23T20:52:45.750+02:00 DEBUG 60489 --- [portfolioapp-prog5-resit] [    Test worker] o.hibernate.internal.util.EntityPrinter  : com.example.portfolioappprog5resit.domain.AppUser{createdStocks=[], role=ROLE_USER, id=15, passwordHash={noop}x, username=stranger}
2025-08-23T20:52:45.750+02:00 DEBUG 60489 --- [portfolioapp-prog5-resit] [    Test worker] o.hibernate.internal.util.EntityPrinter  : com.example.portfolioappprog5resit.domain.Stock{symbol=GOOG, createdBy=com.example.portfolioappprog5resit.domain.AppUser#14, brokerageAccounts=[], companyName=Alphabet, imageURL=null, currentPrice=130.0, listedDate=2025-08-23, id=4, sector=TECHNOLOGIES}
2025-08-23T20:52:45.750+02:00 DEBUG 60489 --- [portfolioapp-prog5-resit] [    Test worker] o.hibernate.internal.util.EntityPrinter  : com.example.portfolioappprog5resit.domain.AppUser{createdStocks=[], role=ROLE_ADMIN, id=13, passwordHash={noop}x, username=admin}
2025-08-23T20:52:45.751+02:00 DEBUG 60489 --- [portfolioapp-prog5-resit] [    Test worker] o.hibernate.internal.util.EntityPrinter  : com.example.portfolioappprog5resit.domain.AppUser{createdStocks=[], role=ROLE_USER, id=14, passwordHash={noop}x, username=owner}
2025-08-23T20:52:45.751+02:00 DEBUG 60489 --- [portfolioapp-prog5-resit] [    Test worker] o.h.e.i.AbstractFlushingEventListener    : Processing flush-time cascades
2025-08-23T20:52:45.751+02:00 DEBUG 60489 --- [portfolioapp-prog5-resit] [    Test worker] o.h.e.i.AbstractFlushingEventListener    : Dirty checking collections
2025-08-23T20:52:45.751+02:00 DEBUG 60489 --- [portfolioapp-prog5-resit] [    Test worker] o.hibernate.engine.internal.Collections  : Collection found: [com.example.portfolioappprog5resit.domain.AppUser.createdStocks#13], was: [com.example.portfolioappprog5resit.domain.AppUser.createdStocks#13] (initialized)
2025-08-23T20:52:45.751+02:00 DEBUG 60489 --- [portfolioapp-prog5-resit] [    Test worker] o.hibernate.engine.internal.Collections  : Collection found: [com.example.portfolioappprog5resit.domain.AppUser.createdStocks#14], was: [com.example.portfolioappprog5resit.domain.AppUser.createdStocks#14] (initialized)
2025-08-23T20:52:45.752+02:00 DEBUG 60489 --- [portfolioapp-prog5-resit] [    Test worker] o.hibernate.engine.internal.Collections  : Collection found: [com.example.portfolioappprog5resit.domain.AppUser.createdStocks#15], was: [com.example.portfolioappprog5resit.domain.AppUser.createdStocks#15] (initialized)
2025-08-23T20:52:45.752+02:00 DEBUG 60489 --- [portfolioapp-prog5-resit] [    Test worker] o.hibernate.engine.internal.Collections  : Collection found: [com.example.portfolioappprog5resit.domain.Stock.brokerageAccounts#4], was: [com.example.portfolioappprog5resit.domain.Stock.brokerageAccounts#4] (initialized)
2025-08-23T20:52:45.752+02:00 DEBUG 60489 --- [portfolioapp-prog5-resit] [    Test worker] o.h.e.i.AbstractFlushingEventListener    : Flushed: 0 insertions, 0 updates, 0 deletions to 4 objects
2025-08-23T20:52:45.752+02:00 DEBUG 60489 --- [portfolioapp-prog5-resit] [    Test worker] o.h.e.i.AbstractFlushingEventListener    : Flushed: 0 (re)creations, 0 updates, 0 removals to 4 collections
2025-08-23T20:52:45.752+02:00 DEBUG 60489 --- [portfolioapp-prog5-resit] [    Test worker] o.hibernate.internal.util.EntityPrinter  : Listing entities:
2025-08-23T20:52:45.752+02:00 DEBUG 60489 --- [portfolioapp-prog5-resit] [    Test worker] o.hibernate.internal.util.EntityPrinter  : com.example.portfolioappprog5resit.domain.AppUser{createdStocks=[], role=ROLE_USER, id=15, passwordHash={noop}x, username=stranger}
2025-08-23T20:52:45.752+02:00 DEBUG 60489 --- [portfolioapp-prog5-resit] [    Test worker] o.hibernate.internal.util.EntityPrinter  : com.example.portfolioappprog5resit.domain.Stock{symbol=GOOG, createdBy=com.example.portfolioappprog5resit.domain.AppUser#14, brokerageAccounts=[], companyName=Alphabet, imageURL=null, currentPrice=130.0, listedDate=2025-08-23, id=4, sector=TECHNOLOGIES}
2025-08-23T20:52:45.752+02:00 DEBUG 60489 --- [portfolioapp-prog5-resit] [    Test worker] o.hibernate.internal.util.EntityPrinter  : com.example.portfolioappprog5resit.domain.AppUser{createdStocks=[], role=ROLE_ADMIN, id=13, passwordHash={noop}x, username=admin}
2025-08-23T20:52:45.752+02:00 DEBUG 60489 --- [portfolioapp-prog5-resit] [    Test worker] o.hibernate.internal.util.EntityPrinter  : com.example.portfolioappprog5resit.domain.AppUser{createdStocks=[], role=ROLE_USER, id=14, passwordHash={noop}x, username=owner}
2025-08-23T20:52:45.752+02:00 DEBUG 60489 --- [portfolioapp-prog5-resit] [    Test worker] org.hibernate.SQL                        : DELETE FROM account_stocks WHERE stock_id = ?
2025-08-23T20:52:45.753+02:00 DEBUG 60489 --- [portfolioapp-prog5-resit] [    Test worker] o.s.orm.jpa.JpaTransactionManager        : Found thread-bound EntityManager [SessionImpl(1633345274<open>)] for JPA transaction
2025-08-23T20:52:45.753+02:00 DEBUG 60489 --- [portfolioapp-prog5-resit] [    Test worker] o.s.orm.jpa.JpaTransactionManager        : Participating in existing transaction
2025-08-23T20:52:45.753+02:00 DEBUG 60489 --- [portfolioapp-prog5-resit] [    Test worker] o.h.j.internal.PersistenceUnitUtilImpl   : jakarta.persistence.PersistenceUnitUtil.getIdentifier is only intended to work with enhanced entities (although Hibernate also adapts this support to its proxies); however the passed entity was not enhanced (nor a proxy).. may not be able to read identifier
2025-08-23T20:52:45.754+02:00 DEBUG 60489 --- [portfolioapp-prog5-resit] [    Test worker] o.s.orm.jpa.JpaTransactionManager        : Found thread-bound EntityManager [SessionImpl(1633345274<open>)] for JPA transaction
2025-08-23T20:52:45.754+02:00 DEBUG 60489 --- [portfolioapp-prog5-resit] [    Test worker] o.s.orm.jpa.JpaTransactionManager        : Participating in existing transaction
2025-08-23T20:52:45.755+02:00 DEBUG 60489 --- [portfolioapp-prog5-resit] [    Test worker] o.s.orm.jpa.JpaTransactionManager        : Found thread-bound EntityManager [SessionImpl(1633345274<open>)] for JPA transaction
2025-08-23T20:52:45.755+02:00 DEBUG 60489 --- [portfolioapp-prog5-resit] [    Test worker] o.s.orm.jpa.JpaTransactionManager        : Participating in existing transaction
2025-08-23T20:52:45.755+02:00 DEBUG 60489 --- [portfolioapp-prog5-resit] [    Test worker] org.hibernate.orm.results.loading        : Load request found matching entity in context, but it is scheduled for removal; returning null
2025-08-23T20:52:45.762+02:00 DEBUG 60489 --- [portfolioapp-prog5-resit] [    Test worker] o.s.orm.jpa.JpaTransactionManager        : Initiating transaction rollback
2025-08-23T20:52:45.762+02:00 DEBUG 60489 --- [portfolioapp-prog5-resit] [    Test worker] o.s.orm.jpa.JpaTransactionManager        : Rolling back JPA transaction on EntityManager [SessionImpl(1633345274<open>)]
2025-08-23T20:52:45.762+02:00 DEBUG 60489 --- [portfolioapp-prog5-resit] [    Test worker] o.h.e.t.internal.TransactionImpl         : rolling back
2025-08-23T20:52:45.763+02:00 DEBUG 60489 --- [portfolioapp-prog5-resit] [    Test worker] o.s.orm.jpa.JpaTransactionManager        : Closing JPA EntityManager [SessionImpl(1633345274<open>)] after transaction
]]></system-out>
  <system-err><![CDATA[]]></system-err>
</testsuite>
